{"/Users/monica/Desktop/sparta/Delivery_Titan-project/src/controllers/carts.controller.js": {"path":"/Users/monica/Desktop/sparta/Delivery_Titan-project/src/controllers/carts.controller.js","statementMap":{"0":{"start":{"line":3,"column":4},"end":{"line":3,"column":35}},"1":{"start":{"line":7,"column":14},"end":{"line":17,"column":3}},"2":{"start":{"line":8,"column":4},"end":{"line":16,"column":5}},"3":{"start":{"line":9,"column":34},"end":{"line":9,"column":44}},"4":{"start":{"line":10,"column":21},"end":{"line":10,"column":31}},"5":{"start":{"line":12,"column":19},"end":{"line":12,"column":76}},"6":{"start":{"line":13,"column":6},"end":{"line":13,"column":44}},"7":{"start":{"line":15,"column":6},"end":{"line":15,"column":16}},"8":{"start":{"line":29,"column":19},"end":{"line":45,"column":3}},"9":{"start":{"line":30,"column":4},"end":{"line":44,"column":5}},"10":{"start":{"line":31,"column":34},"end":{"line":31,"column":44}},"11":{"start":{"line":32,"column":27},"end":{"line":32,"column":35}},"12":{"start":{"line":33,"column":21},"end":{"line":33,"column":31}},"13":{"start":{"line":35,"column":19},"end":{"line":40,"column":7}},"14":{"start":{"line":41,"column":6},"end":{"line":41,"column":44}},"15":{"start":{"line":43,"column":6},"end":{"line":43,"column":16}},"16":{"start":{"line":48,"column":12},"end":{"line":56,"column":3}},"17":{"start":{"line":49,"column":4},"end":{"line":55,"column":5}},"18":{"start":{"line":50,"column":21},"end":{"line":50,"column":31}},"19":{"start":{"line":51,"column":19},"end":{"line":51,"column":57}},"20":{"start":{"line":52,"column":6},"end":{"line":52,"column":44}},"21":{"start":{"line":54,"column":6},"end":{"line":54,"column":16}},"22":{"start":{"line":59,"column":15},"end":{"line":69,"column":3}},"23":{"start":{"line":60,"column":4},"end":{"line":68,"column":5}},"24":{"start":{"line":61,"column":25},"end":{"line":61,"column":35}},"25":{"start":{"line":62,"column":21},"end":{"line":62,"column":31}},"26":{"start":{"line":63,"column":6},"end":{"line":63,"column":56}},"27":{"start":{"line":64,"column":19},"end":{"line":64,"column":57}},"28":{"start":{"line":65,"column":6},"end":{"line":65,"column":44}},"29":{"start":{"line":67,"column":6},"end":{"line":67,"column":16}}},"fnMap":{"0":{"name":"(anonymous_0)","decl":{"start":{"line":2,"column":2},"end":{"line":2,"column":3}},"loc":{"start":{"line":2,"column":27},"end":{"line":4,"column":3}},"line":2},"1":{"name":"(anonymous_1)","decl":{"start":{"line":7,"column":14},"end":{"line":7,"column":15}},"loc":{"start":{"line":7,"column":40},"end":{"line":17,"column":3}},"line":7},"2":{"name":"(anonymous_2)","decl":{"start":{"line":29,"column":19},"end":{"line":29,"column":20}},"loc":{"start":{"line":29,"column":45},"end":{"line":45,"column":3}},"line":29},"3":{"name":"(anonymous_3)","decl":{"start":{"line":48,"column":12},"end":{"line":48,"column":13}},"loc":{"start":{"line":48,"column":38},"end":{"line":56,"column":3}},"line":48},"4":{"name":"(anonymous_4)","decl":{"start":{"line":59,"column":15},"end":{"line":59,"column":16}},"loc":{"start":{"line":59,"column":41},"end":{"line":69,"column":3}},"line":59}},"branchMap":{},"s":{"0":1,"1":1,"2":1,"3":1,"4":1,"5":1,"6":1,"7":0,"8":1,"9":1,"10":1,"11":1,"12":1,"13":1,"14":1,"15":0,"16":1,"17":1,"18":1,"19":1,"20":1,"21":0,"22":1,"23":1,"24":1,"25":1,"26":1,"27":1,"28":1,"29":0},"f":{"0":1,"1":1,"2":1,"3":1,"4":1},"b":{},"_coverageSchema":"1a1c01bbd47fc00a2c39e90264f33305004495a9","hash":"98d5b4c4ecf8e1e4f31fa1bcbd019549d60e6c62"}
,"/Users/monica/Desktop/sparta/Delivery_Titan-project/src/controllers/main.controller.js": {"path":"/Users/monica/Desktop/sparta/Delivery_Titan-project/src/controllers/main.controller.js","statementMap":{"0":{"start":{"line":3,"column":4},"end":{"line":3,"column":35}},"1":{"start":{"line":7,"column":15},"end":{"line":15,"column":3}},"2":{"start":{"line":8,"column":4},"end":{"line":14,"column":5}},"3":{"start":{"line":9,"column":29},"end":{"line":9,"column":38}},"4":{"start":{"line":10,"column":29},"end":{"line":10,"column":74}},"5":{"start":{"line":11,"column":6},"end":{"line":11,"column":54}},"6":{"start":{"line":13,"column":6},"end":{"line":13,"column":16}},"7":{"start":{"line":18,"column":17},"end":{"line":25,"column":3}},"8":{"start":{"line":19,"column":4},"end":{"line":24,"column":5}},"9":{"start":{"line":20,"column":21},"end":{"line":20,"column":58}},"10":{"start":{"line":21,"column":6},"end":{"line":21,"column":46}},"11":{"start":{"line":23,"column":6},"end":{"line":23,"column":16}},"12":{"start":{"line":28,"column":15},"end":{"line":39,"column":3}},"13":{"start":{"line":29,"column":4},"end":{"line":38,"column":5}},"14":{"start":{"line":30,"column":39},"end":{"line":30,"column":48}},"15":{"start":{"line":31,"column":27},"end":{"line":34,"column":7}},"16":{"start":{"line":35,"column":6},"end":{"line":35,"column":52}},"17":{"start":{"line":37,"column":6},"end":{"line":37,"column":16}}},"fnMap":{"0":{"name":"(anonymous_0)","decl":{"start":{"line":2,"column":2},"end":{"line":2,"column":3}},"loc":{"start":{"line":2,"column":27},"end":{"line":4,"column":3}},"line":2},"1":{"name":"(anonymous_1)","decl":{"start":{"line":7,"column":15},"end":{"line":7,"column":16}},"loc":{"start":{"line":7,"column":41},"end":{"line":15,"column":3}},"line":7},"2":{"name":"(anonymous_2)","decl":{"start":{"line":18,"column":17},"end":{"line":18,"column":18}},"loc":{"start":{"line":18,"column":43},"end":{"line":25,"column":3}},"line":18},"3":{"name":"(anonymous_3)","decl":{"start":{"line":28,"column":15},"end":{"line":28,"column":16}},"loc":{"start":{"line":28,"column":41},"end":{"line":39,"column":3}},"line":28}},"branchMap":{},"s":{"0":1,"1":1,"2":1,"3":1,"4":1,"5":1,"6":0,"7":1,"8":1,"9":1,"10":1,"11":0,"12":1,"13":1,"14":1,"15":1,"16":1,"17":0},"f":{"0":1,"1":1,"2":1,"3":1},"b":{},"_coverageSchema":"1a1c01bbd47fc00a2c39e90264f33305004495a9","hash":"e05d77748ddd65f59595a10239639c7d7d3ed6b0"}
,"/Users/monica/Desktop/sparta/Delivery_Titan-project/src/controllers/orders.controller.js": {"path":"/Users/monica/Desktop/sparta/Delivery_Titan-project/src/controllers/orders.controller.js","statementMap":{"0":{"start":{"line":3,"column":4},"end":{"line":3,"column":37}},"1":{"start":{"line":7,"column":16},"end":{"line":16,"column":3}},"2":{"start":{"line":8,"column":4},"end":{"line":15,"column":5}},"3":{"start":{"line":9,"column":26},"end":{"line":9,"column":34}},"4":{"start":{"line":10,"column":21},"end":{"line":10,"column":31}},"5":{"start":{"line":11,"column":20},"end":{"line":11,"column":72}},"6":{"start":{"line":12,"column":6},"end":{"line":12,"column":45}},"7":{"start":{"line":14,"column":6},"end":{"line":14,"column":16}},"8":{"start":{"line":19,"column":14},"end":{"line":35,"column":3}},"9":{"start":{"line":20,"column":4},"end":{"line":34,"column":5}},"10":{"start":{"line":21,"column":19},"end":{"line":21,"column":23}},"11":{"start":{"line":22,"column":6},"end":{"line":30,"column":7}},"12":{"start":{"line":24,"column":23},"end":{"line":24,"column":33}},"13":{"start":{"line":25,"column":8},"end":{"line":25,"column":67}},"14":{"start":{"line":26,"column":13},"end":{"line":30,"column":7}},"15":{"start":{"line":28,"column":24},"end":{"line":28,"column":34}},"16":{"start":{"line":29,"column":8},"end":{"line":29,"column":69}},"17":{"start":{"line":31,"column":6},"end":{"line":31,"column":46}},"18":{"start":{"line":33,"column":6},"end":{"line":33,"column":16}},"19":{"start":{"line":38,"column":17},"end":{"line":47,"column":3}},"20":{"start":{"line":39,"column":4},"end":{"line":46,"column":5}},"21":{"start":{"line":40,"column":26},"end":{"line":40,"column":36}},"22":{"start":{"line":41,"column":25},"end":{"line":41,"column":33}},"23":{"start":{"line":42,"column":20},"end":{"line":42,"column":73}},"24":{"start":{"line":43,"column":6},"end":{"line":43,"column":45}},"25":{"start":{"line":45,"column":6},"end":{"line":45,"column":16}}},"fnMap":{"0":{"name":"(anonymous_0)","decl":{"start":{"line":2,"column":2},"end":{"line":2,"column":3}},"loc":{"start":{"line":2,"column":28},"end":{"line":4,"column":3}},"line":2},"1":{"name":"(anonymous_1)","decl":{"start":{"line":7,"column":16},"end":{"line":7,"column":17}},"loc":{"start":{"line":7,"column":42},"end":{"line":16,"column":3}},"line":7},"2":{"name":"(anonymous_2)","decl":{"start":{"line":19,"column":14},"end":{"line":19,"column":15}},"loc":{"start":{"line":19,"column":40},"end":{"line":35,"column":3}},"line":19},"3":{"name":"(anonymous_3)","decl":{"start":{"line":38,"column":17},"end":{"line":38,"column":18}},"loc":{"start":{"line":38,"column":43},"end":{"line":47,"column":3}},"line":38}},"branchMap":{"0":{"loc":{"start":{"line":22,"column":6},"end":{"line":30,"column":7}},"type":"if","locations":[{"start":{"line":22,"column":6},"end":{"line":30,"column":7}},{"start":{"line":26,"column":13},"end":{"line":30,"column":7}}],"line":22},"1":{"loc":{"start":{"line":26,"column":13},"end":{"line":30,"column":7}},"type":"if","locations":[{"start":{"line":26,"column":13},"end":{"line":30,"column":7}},{"start":{},"end":{}}],"line":26}},"s":{"0":1,"1":1,"2":1,"3":1,"4":1,"5":1,"6":1,"7":0,"8":1,"9":2,"10":2,"11":2,"12":1,"13":1,"14":1,"15":1,"16":1,"17":2,"18":0,"19":1,"20":1,"21":1,"22":1,"23":1,"24":1,"25":0},"f":{"0":1,"1":1,"2":2,"3":1},"b":{"0":[1,1],"1":[1,0]},"_coverageSchema":"1a1c01bbd47fc00a2c39e90264f33305004495a9","hash":"185cde7c83fac6ca9ad96a0e7781aea70187a61c"}
,"/Users/monica/Desktop/sparta/Delivery_Titan-project/src/controllers/reviews.controller.js": {"path":"/Users/monica/Desktop/sparta/Delivery_Titan-project/src/controllers/reviews.controller.js","statementMap":{"0":{"start":{"line":3,"column":4},"end":{"line":3,"column":39}},"1":{"start":{"line":6,"column":17},"end":{"line":27,"column":3}},"2":{"start":{"line":7,"column":4},"end":{"line":26,"column":5}},"3":{"start":{"line":8,"column":34},"end":{"line":8,"column":42}},"4":{"start":{"line":9,"column":21},"end":{"line":9,"column":31}},"5":{"start":{"line":10,"column":22},"end":{"line":10,"column":50}},"6":{"start":{"line":12,"column":26},"end":{"line":12,"column":43}},"7":{"start":{"line":13,"column":27},"end":{"line":19,"column":7}},"8":{"start":{"line":21,"column":6},"end":{"line":23,"column":63}},"9":{"start":{"line":25,"column":6},"end":{"line":25,"column":16}},"10":{"start":{"line":30,"column":17},"end":{"line":55,"column":3}},"11":{"start":{"line":31,"column":4},"end":{"line":54,"column":5}},"12":{"start":{"line":32,"column":34},"end":{"line":32,"column":42}},"13":{"start":{"line":33,"column":21},"end":{"line":33,"column":31}},"14":{"start":{"line":34,"column":27},"end":{"line":34,"column":37}},"15":{"start":{"line":36,"column":24},"end":{"line":36,"column":33}},"16":{"start":{"line":37,"column":6},"end":{"line":39,"column":7}},"17":{"start":{"line":38,"column":8},"end":{"line":38,"column":40}},"18":{"start":{"line":41,"column":27},"end":{"line":47,"column":7}},"19":{"start":{"line":49,"column":6},"end":{"line":51,"column":66}},"20":{"start":{"line":53,"column":6},"end":{"line":53,"column":16}},"21":{"start":{"line":58,"column":17},"end":{"line":72,"column":3}},"22":{"start":{"line":59,"column":4},"end":{"line":71,"column":5}},"23":{"start":{"line":60,"column":21},"end":{"line":60,"column":31}},"24":{"start":{"line":61,"column":27},"end":{"line":61,"column":37}},"25":{"start":{"line":62,"column":27},"end":{"line":65,"column":7}},"26":{"start":{"line":66,"column":6},"end":{"line":68,"column":63}},"27":{"start":{"line":70,"column":6},"end":{"line":70,"column":16}},"28":{"start":{"line":75,"column":14},"end":{"line":85,"column":3}},"29":{"start":{"line":76,"column":4},"end":{"line":84,"column":5}},"30":{"start":{"line":77,"column":21},"end":{"line":77,"column":31}},"31":{"start":{"line":79,"column":22},"end":{"line":79,"column":64}},"32":{"start":{"line":81,"column":6},"end":{"line":81,"column":53}},"33":{"start":{"line":83,"column":6},"end":{"line":83,"column":16}},"34":{"start":{"line":88,"column":23},"end":{"line":99,"column":3}},"35":{"start":{"line":89,"column":4},"end":{"line":98,"column":5}},"36":{"start":{"line":90,"column":26},"end":{"line":90,"column":36}},"37":{"start":{"line":93,"column":8},"end":{"line":93,"column":60}},"38":{"start":{"line":95,"column":6},"end":{"line":95,"column":62}},"39":{"start":{"line":97,"column":6},"end":{"line":97,"column":16}}},"fnMap":{"0":{"name":"(anonymous_0)","decl":{"start":{"line":2,"column":2},"end":{"line":2,"column":3}},"loc":{"start":{"line":2,"column":29},"end":{"line":4,"column":3}},"line":2},"1":{"name":"(anonymous_1)","decl":{"start":{"line":6,"column":17},"end":{"line":6,"column":18}},"loc":{"start":{"line":6,"column":43},"end":{"line":27,"column":3}},"line":6},"2":{"name":"(anonymous_2)","decl":{"start":{"line":30,"column":17},"end":{"line":30,"column":18}},"loc":{"start":{"line":30,"column":43},"end":{"line":55,"column":3}},"line":30},"3":{"name":"(anonymous_3)","decl":{"start":{"line":58,"column":17},"end":{"line":58,"column":18}},"loc":{"start":{"line":58,"column":43},"end":{"line":72,"column":3}},"line":58},"4":{"name":"(anonymous_4)","decl":{"start":{"line":75,"column":14},"end":{"line":75,"column":15}},"loc":{"start":{"line":75,"column":40},"end":{"line":85,"column":3}},"line":75},"5":{"name":"(anonymous_5)","decl":{"start":{"line":88,"column":23},"end":{"line":88,"column":24}},"loc":{"start":{"line":88,"column":49},"end":{"line":99,"column":3}},"line":88}},"branchMap":{"0":{"loc":{"start":{"line":37,"column":6},"end":{"line":39,"column":7}},"type":"if","locations":[{"start":{"line":37,"column":6},"end":{"line":39,"column":7}},{"start":{},"end":{}}],"line":37}},"s":{"0":1,"1":1,"2":1,"3":1,"4":1,"5":1,"6":1,"7":0,"8":0,"9":1,"10":1,"11":1,"12":1,"13":1,"14":1,"15":1,"16":1,"17":0,"18":1,"19":1,"20":0,"21":1,"22":1,"23":1,"24":1,"25":1,"26":1,"27":0,"28":1,"29":1,"30":1,"31":1,"32":1,"33":0,"34":1,"35":0,"36":0,"37":0,"38":0,"39":0},"f":{"0":1,"1":1,"2":1,"3":1,"4":1,"5":0},"b":{"0":[0,1]},"_coverageSchema":"1a1c01bbd47fc00a2c39e90264f33305004495a9","hash":"95e88c764ce4f252d6d11f600fe11982ac979776"}
,"/Users/monica/Desktop/sparta/Delivery_Titan-project/src/controllers/stores.controller.js": {"path":"/Users/monica/Desktop/sparta/Delivery_Titan-project/src/controllers/stores.controller.js","statementMap":{"0":{"start":{"line":5,"column":4},"end":{"line":5,"column":39}},"1":{"start":{"line":9,"column":14},"end":{"line":16,"column":3}},"2":{"start":{"line":10,"column":4},"end":{"line":15,"column":5}},"3":{"start":{"line":11,"column":21},"end":{"line":11,"column":61}},"4":{"start":{"line":12,"column":6},"end":{"line":12,"column":52}},"5":{"start":{"line":14,"column":6},"end":{"line":14,"column":16}},"6":{"start":{"line":19,"column":16},"end":{"line":68,"column":3}},"7":{"start":{"line":20,"column":4},"end":{"line":67,"column":5}},"8":{"start":{"line":21,"column":29},"end":{"line":29,"column":7}},"9":{"start":{"line":30,"column":28},"end":{"line":30,"column":78}},"10":{"start":{"line":30,"column":61},"end":{"line":30,"column":77}},"11":{"start":{"line":31,"column":6},"end":{"line":31,"column":54}},"12":{"start":{"line":31,"column":21},"end":{"line":31,"column":54}},"13":{"start":{"line":33,"column":6},"end":{"line":38,"column":7}},"14":{"start":{"line":34,"column":8},"end":{"line":37,"column":10}},"15":{"start":{"line":47,"column":10},"end":{"line":47,"column":18}},"16":{"start":{"line":49,"column":22},"end":{"line":49,"column":32}},"17":{"start":{"line":51,"column":25},"end":{"line":51,"column":42}},"18":{"start":{"line":53,"column":27},"end":{"line":63,"column":7}},"19":{"start":{"line":64,"column":6},"end":{"line":64,"column":58}},"20":{"start":{"line":66,"column":6},"end":{"line":66,"column":16}},"21":{"start":{"line":71,"column":17},"end":{"line":88,"column":3}},"22":{"start":{"line":72,"column":4},"end":{"line":87,"column":5}},"23":{"start":{"line":73,"column":26},"end":{"line":73,"column":36}},"24":{"start":{"line":74,"column":6},"end":{"line":76,"column":7}},"25":{"start":{"line":75,"column":8},"end":{"line":75,"column":55}},"26":{"start":{"line":78,"column":20},"end":{"line":78,"column":68}},"27":{"start":{"line":80,"column":6},"end":{"line":80,"column":51}},"28":{"start":{"line":82,"column":6},"end":{"line":86,"column":7}},"29":{"start":{"line":83,"column":8},"end":{"line":83,"column":62}},"30":{"start":{"line":85,"column":8},"end":{"line":85,"column":62}},"31":{"start":{"line":90,"column":20},"end":{"line":108,"column":3}},"32":{"start":{"line":91,"column":4},"end":{"line":107,"column":5}},"33":{"start":{"line":92,"column":26},"end":{"line":92,"column":36}},"34":{"start":{"line":94,"column":6},"end":{"line":96,"column":7}},"35":{"start":{"line":95,"column":8},"end":{"line":95,"column":55}},"36":{"start":{"line":98,"column":20},"end":{"line":98,"column":68}},"37":{"start":{"line":100,"column":6},"end":{"line":100,"column":51}},"38":{"start":{"line":102,"column":6},"end":{"line":106,"column":7}},"39":{"start":{"line":103,"column":8},"end":{"line":103,"column":62}},"40":{"start":{"line":105,"column":8},"end":{"line":105,"column":62}},"41":{"start":{"line":110,"column":16},"end":{"line":147,"column":3}},"42":{"start":{"line":111,"column":4},"end":{"line":146,"column":5}},"43":{"start":{"line":112,"column":26},"end":{"line":112,"column":36}},"44":{"start":{"line":113,"column":22},"end":{"line":113,"column":32}},"45":{"start":{"line":123,"column":10},"end":{"line":123,"column":18}},"46":{"start":{"line":125,"column":23},"end":{"line":125,"column":32}},"47":{"start":{"line":126,"column":6},"end":{"line":128,"column":7}},"48":{"start":{"line":127,"column":8},"end":{"line":127,"column":39}},"49":{"start":{"line":130,"column":27},"end":{"line":141,"column":7}},"50":{"start":{"line":143,"column":6},"end":{"line":143,"column":58}},"51":{"start":{"line":145,"column":6},"end":{"line":145,"column":16}},"52":{"start":{"line":149,"column":16},"end":{"line":162,"column":3}},"53":{"start":{"line":150,"column":4},"end":{"line":161,"column":5}},"54":{"start":{"line":151,"column":26},"end":{"line":151,"column":36}},"55":{"start":{"line":152,"column":22},"end":{"line":152,"column":32}},"56":{"start":{"line":154,"column":27},"end":{"line":157,"column":7}},"57":{"start":{"line":158,"column":6},"end":{"line":158,"column":58}},"58":{"start":{"line":160,"column":6},"end":{"line":160,"column":16}}},"fnMap":{"0":{"name":"(anonymous_0)","decl":{"start":{"line":4,"column":2},"end":{"line":4,"column":3}},"loc":{"start":{"line":4,"column":29},"end":{"line":6,"column":3}},"line":4},"1":{"name":"(anonymous_1)","decl":{"start":{"line":9,"column":14},"end":{"line":9,"column":15}},"loc":{"start":{"line":9,"column":40},"end":{"line":16,"column":3}},"line":9},"2":{"name":"(anonymous_2)","decl":{"start":{"line":19,"column":16},"end":{"line":19,"column":17}},"loc":{"start":{"line":19,"column":42},"end":{"line":68,"column":3}},"line":19},"3":{"name":"(anonymous_3)","decl":{"start":{"line":30,"column":50},"end":{"line":30,"column":51}},"loc":{"start":{"line":30,"column":61},"end":{"line":30,"column":77}},"line":30},"4":{"name":"(anonymous_4)","decl":{"start":{"line":71,"column":17},"end":{"line":71,"column":18}},"loc":{"start":{"line":71,"column":43},"end":{"line":88,"column":3}},"line":71},"5":{"name":"(anonymous_5)","decl":{"start":{"line":90,"column":20},"end":{"line":90,"column":21}},"loc":{"start":{"line":90,"column":46},"end":{"line":108,"column":3}},"line":90},"6":{"name":"(anonymous_6)","decl":{"start":{"line":110,"column":16},"end":{"line":110,"column":17}},"loc":{"start":{"line":110,"column":42},"end":{"line":147,"column":3}},"line":110},"7":{"name":"(anonymous_7)","decl":{"start":{"line":149,"column":16},"end":{"line":149,"column":17}},"loc":{"start":{"line":149,"column":42},"end":{"line":162,"column":3}},"line":149}},"branchMap":{"0":{"loc":{"start":{"line":31,"column":6},"end":{"line":31,"column":54}},"type":"if","locations":[{"start":{"line":31,"column":6},"end":{"line":31,"column":54}},{"start":{},"end":{}}],"line":31},"1":{"loc":{"start":{"line":33,"column":6},"end":{"line":38,"column":7}},"type":"if","locations":[{"start":{"line":33,"column":6},"end":{"line":38,"column":7}},{"start":{},"end":{}}],"line":33},"2":{"loc":{"start":{"line":74,"column":6},"end":{"line":76,"column":7}},"type":"if","locations":[{"start":{"line":74,"column":6},"end":{"line":76,"column":7}},{"start":{},"end":{}}],"line":74},"3":{"loc":{"start":{"line":82,"column":6},"end":{"line":86,"column":7}},"type":"if","locations":[{"start":{"line":82,"column":6},"end":{"line":86,"column":7}},{"start":{"line":84,"column":13},"end":{"line":86,"column":7}}],"line":82},"4":{"loc":{"start":{"line":94,"column":6},"end":{"line":96,"column":7}},"type":"if","locations":[{"start":{"line":94,"column":6},"end":{"line":96,"column":7}},{"start":{},"end":{}}],"line":94},"5":{"loc":{"start":{"line":102,"column":6},"end":{"line":106,"column":7}},"type":"if","locations":[{"start":{"line":102,"column":6},"end":{"line":106,"column":7}},{"start":{"line":104,"column":13},"end":{"line":106,"column":7}}],"line":102},"6":{"loc":{"start":{"line":126,"column":6},"end":{"line":128,"column":7}},"type":"if","locations":[{"start":{"line":126,"column":6},"end":{"line":128,"column":7}},{"start":{},"end":{}}],"line":126}},"s":{"0":1,"1":1,"2":1,"3":1,"4":1,"5":0,"6":1,"7":1,"8":1,"9":1,"10":7,"11":1,"12":0,"13":1,"14":0,"15":1,"16":1,"17":1,"18":1,"19":1,"20":0,"21":1,"22":0,"23":0,"24":0,"25":0,"26":0,"27":0,"28":0,"29":0,"30":0,"31":1,"32":0,"33":0,"34":0,"35":0,"36":0,"37":0,"38":0,"39":0,"40":0,"41":1,"42":1,"43":1,"44":1,"45":1,"46":1,"47":1,"48":1,"49":1,"50":1,"51":0,"52":1,"53":1,"54":1,"55":1,"56":1,"57":1,"58":0},"f":{"0":1,"1":1,"2":1,"3":7,"4":0,"5":0,"6":1,"7":1},"b":{"0":[0,1],"1":[0,1],"2":[0,0],"3":[0,0],"4":[0,0],"5":[0,0],"6":[1,0]},"_coverageSchema":"1a1c01bbd47fc00a2c39e90264f33305004495a9","hash":"5ae9dccadde9cca779e954539b58a232322ad1e7"}
,"/Users/monica/Desktop/sparta/Delivery_Titan-project/src/middlewares/error-handling.middleware.js": {"path":"/Users/monica/Desktop/sparta/Delivery_Titan-project/src/middlewares/error-handling.middleware.js","statementMap":{"0":{"start":{"line":2,"column":2},"end":{"line":8,"column":3}},"1":{"start":{"line":3,"column":4},"end":{"line":3,"column":65}},"2":{"start":{"line":4,"column":9},"end":{"line":8,"column":3}},"3":{"start":{"line":5,"column":4},"end":{"line":5,"column":69}},"4":{"start":{"line":6,"column":9},"end":{"line":8,"column":3}},"5":{"start":{"line":7,"column":4},"end":{"line":7,"column":69}},"6":{"start":{"line":9,"column":2},"end":{"line":11,"column":58}},"7":{"start":{"line":16,"column":4},"end":{"line":16,"column":19}},"8":{"start":{"line":17,"column":4},"end":{"line":17,"column":25}},"9":{"start":{"line":23,"column":4},"end":{"line":23,"column":19}},"10":{"start":{"line":24,"column":4},"end":{"line":24,"column":32}},"11":{"start":{"line":25,"column":4},"end":{"line":25,"column":26}},"12":{"start":{"line":31,"column":4},"end":{"line":31,"column":19}},"13":{"start":{"line":32,"column":4},"end":{"line":32,"column":34}},"14":{"start":{"line":33,"column":4},"end":{"line":33,"column":26}}},"fnMap":{"0":{"name":"errorHandler","decl":{"start":{"line":1,"column":16},"end":{"line":1,"column":28}},"loc":{"start":{"line":1,"column":50},"end":{"line":12,"column":1}},"line":1},"1":{"name":"(anonymous_1)","decl":{"start":{"line":15,"column":2},"end":{"line":15,"column":3}},"loc":{"start":{"line":15,"column":31},"end":{"line":18,"column":3}},"line":15},"2":{"name":"(anonymous_2)","decl":{"start":{"line":22,"column":2},"end":{"line":22,"column":3}},"loc":{"start":{"line":22,"column":46},"end":{"line":26,"column":3}},"line":22},"3":{"name":"(anonymous_3)","decl":{"start":{"line":30,"column":2},"end":{"line":30,"column":3}},"loc":{"start":{"line":30,"column":39},"end":{"line":34,"column":3}},"line":30}},"branchMap":{"0":{"loc":{"start":{"line":2,"column":2},"end":{"line":8,"column":3}},"type":"if","locations":[{"start":{"line":2,"column":2},"end":{"line":8,"column":3}},{"start":{"line":4,"column":9},"end":{"line":8,"column":3}}],"line":2},"1":{"loc":{"start":{"line":4,"column":9},"end":{"line":8,"column":3}},"type":"if","locations":[{"start":{"line":4,"column":9},"end":{"line":8,"column":3}},{"start":{"line":6,"column":9},"end":{"line":8,"column":3}}],"line":4},"2":{"loc":{"start":{"line":6,"column":9},"end":{"line":8,"column":3}},"type":"if","locations":[{"start":{"line":6,"column":9},"end":{"line":8,"column":3}},{"start":{},"end":{}}],"line":6},"3":{"loc":{"start":{"line":22,"column":14},"end":{"line":22,"column":44}},"type":"default-arg","locations":[{"start":{"line":22,"column":24},"end":{"line":22,"column":44}}],"line":22},"4":{"loc":{"start":{"line":30,"column":14},"end":{"line":30,"column":37}},"type":"default-arg","locations":[{"start":{"line":30,"column":24},"end":{"line":30,"column":37}}],"line":30}},"s":{"0":0,"1":0,"2":0,"3":0,"4":0,"5":0,"6":0,"7":2,"8":2,"9":14,"10":14,"11":14,"12":16,"13":16,"14":16},"f":{"0":0,"1":2,"2":14,"3":16},"b":{"0":[0,0],"1":[0,0],"2":[0,0],"3":[0],"4":[0]},"_coverageSchema":"1a1c01bbd47fc00a2c39e90264f33305004495a9","hash":"7e66dbee7ee6aa2ec1951d9d8c5ca00a5a07287e"}
,"/Users/monica/Desktop/sparta/Delivery_Titan-project/src/repositories/carts.repository.js": {"path":"/Users/monica/Desktop/sparta/Delivery_Titan-project/src/repositories/carts.repository.js","statementMap":{"0":{"start":{"line":3,"column":4},"end":{"line":3,"column":25}},"1":{"start":{"line":6,"column":15},"end":{"line":16,"column":3}},"2":{"start":{"line":7,"column":17},"end":{"line":13,"column":6}},"3":{"start":{"line":15,"column":4},"end":{"line":15,"column":16}},"4":{"start":{"line":18,"column":22},"end":{"line":37,"column":3}},"5":{"start":{"line":19,"column":17},"end":{"line":35,"column":6}},"6":{"start":{"line":20,"column":6},"end":{"line":26,"column":9}},"7":{"start":{"line":27,"column":19},"end":{"line":33,"column":8}},"8":{"start":{"line":34,"column":6},"end":{"line":34,"column":18}},"9":{"start":{"line":36,"column":4},"end":{"line":36,"column":16}},"10":{"start":{"line":39,"column":15},"end":{"line":45,"column":3}},"11":{"start":{"line":40,"column":17},"end":{"line":43,"column":6}},"12":{"start":{"line":44,"column":4},"end":{"line":44,"column":16}},"13":{"start":{"line":47,"column":27},"end":{"line":52,"column":3}},"14":{"start":{"line":48,"column":17},"end":{"line":50,"column":6}},"15":{"start":{"line":51,"column":4},"end":{"line":51,"column":16}},"16":{"start":{"line":54,"column":21},"end":{"line":59,"column":3}},"17":{"start":{"line":55,"column":18},"end":{"line":57,"column":6}},"18":{"start":{"line":58,"column":4},"end":{"line":58,"column":17}},"19":{"start":{"line":61,"column":16},"end":{"line":66,"column":3}},"20":{"start":{"line":62,"column":17},"end":{"line":64,"column":6}},"21":{"start":{"line":65,"column":4},"end":{"line":65,"column":16}},"22":{"start":{"line":68,"column":21},"end":{"line":74,"column":3}},"23":{"start":{"line":69,"column":22},"end":{"line":72,"column":6}},"24":{"start":{"line":73,"column":4},"end":{"line":73,"column":21}},"25":{"start":{"line":76,"column":19},"end":{"line":81,"column":3}},"26":{"start":{"line":77,"column":4},"end":{"line":79,"column":7}},"27":{"start":{"line":80,"column":4},"end":{"line":80,"column":11}}},"fnMap":{"0":{"name":"(anonymous_0)","decl":{"start":{"line":2,"column":2},"end":{"line":2,"column":3}},"loc":{"start":{"line":2,"column":22},"end":{"line":4,"column":3}},"line":2},"1":{"name":"(anonymous_1)","decl":{"start":{"line":6,"column":15},"end":{"line":6,"column":16}},"loc":{"start":{"line":6,"column":50},"end":{"line":16,"column":3}},"line":6},"2":{"name":"(anonymous_2)","decl":{"start":{"line":18,"column":22},"end":{"line":18,"column":23}},"loc":{"start":{"line":18,"column":66},"end":{"line":37,"column":3}},"line":18},"3":{"name":"(anonymous_3)","decl":{"start":{"line":19,"column":48},"end":{"line":19,"column":49}},"loc":{"start":{"line":19,"column":62},"end":{"line":35,"column":5}},"line":19},"4":{"name":"(anonymous_4)","decl":{"start":{"line":39,"column":15},"end":{"line":39,"column":16}},"loc":{"start":{"line":39,"column":43},"end":{"line":45,"column":3}},"line":39},"5":{"name":"(anonymous_5)","decl":{"start":{"line":47,"column":27},"end":{"line":47,"column":28}},"loc":{"start":{"line":47,"column":53},"end":{"line":52,"column":3}},"line":47},"6":{"name":"(anonymous_6)","decl":{"start":{"line":54,"column":21},"end":{"line":54,"column":22}},"loc":{"start":{"line":54,"column":39},"end":{"line":59,"column":3}},"line":54},"7":{"name":"(anonymous_7)","decl":{"start":{"line":61,"column":16},"end":{"line":61,"column":17}},"loc":{"start":{"line":61,"column":34},"end":{"line":66,"column":3}},"line":61},"8":{"name":"(anonymous_8)","decl":{"start":{"line":68,"column":21},"end":{"line":68,"column":22}},"loc":{"start":{"line":68,"column":40},"end":{"line":74,"column":3}},"line":68},"9":{"name":"(anonymous_9)","decl":{"start":{"line":76,"column":19},"end":{"line":76,"column":20}},"loc":{"start":{"line":76,"column":37},"end":{"line":81,"column":3}},"line":76}},"branchMap":{},"s":{"0":1,"1":1,"2":1,"3":1,"4":1,"5":1,"6":1,"7":1,"8":1,"9":1,"10":1,"11":1,"12":1,"13":1,"14":1,"15":1,"16":1,"17":1,"18":1,"19":1,"20":1,"21":1,"22":1,"23":1,"24":1,"25":1,"26":1,"27":1},"f":{"0":1,"1":1,"2":1,"3":1,"4":1,"5":1,"6":1,"7":1,"8":1,"9":1},"b":{},"_coverageSchema":"1a1c01bbd47fc00a2c39e90264f33305004495a9","hash":"9d781048577c55e758aa1dfe5741d22ea3e35e6f"}
,"/Users/monica/Desktop/sparta/Delivery_Titan-project/src/repositories/main.repository.js": {"path":"/Users/monica/Desktop/sparta/Delivery_Titan-project/src/repositories/main.repository.js","statementMap":{"0":{"start":{"line":3,"column":4},"end":{"line":3,"column":25}},"1":{"start":{"line":6,"column":22},"end":{"line":19,"column":3}},"2":{"start":{"line":7,"column":24},"end":{"line":16,"column":6}},"3":{"start":{"line":18,"column":4},"end":{"line":18,"column":23}},"4":{"start":{"line":21,"column":21},"end":{"line":32,"column":3}},"5":{"start":{"line":22,"column":22},"end":{"line":30,"column":6}},"6":{"start":{"line":31,"column":4},"end":{"line":31,"column":21}},"7":{"start":{"line":34,"column":17},"end":{"line":48,"column":3}},"8":{"start":{"line":35,"column":19},"end":{"line":46,"column":6}},"9":{"start":{"line":47,"column":4},"end":{"line":47,"column":18}},"10":{"start":{"line":50,"column":20},"end":{"line":64,"column":3}},"11":{"start":{"line":51,"column":25},"end":{"line":62,"column":6}},"12":{"start":{"line":63,"column":4},"end":{"line":63,"column":24}}},"fnMap":{"0":{"name":"(anonymous_0)","decl":{"start":{"line":2,"column":2},"end":{"line":2,"column":3}},"loc":{"start":{"line":2,"column":22},"end":{"line":4,"column":3}},"line":2},"1":{"name":"(anonymous_1)","decl":{"start":{"line":6,"column":22},"end":{"line":6,"column":23}},"loc":{"start":{"line":6,"column":44},"end":{"line":19,"column":3}},"line":6},"2":{"name":"(anonymous_2)","decl":{"start":{"line":21,"column":21},"end":{"line":21,"column":22}},"loc":{"start":{"line":21,"column":35},"end":{"line":32,"column":3}},"line":21},"3":{"name":"(anonymous_3)","decl":{"start":{"line":34,"column":17},"end":{"line":34,"column":18}},"loc":{"start":{"line":34,"column":29},"end":{"line":48,"column":3}},"line":34},"4":{"name":"(anonymous_4)","decl":{"start":{"line":50,"column":20},"end":{"line":50,"column":21}},"loc":{"start":{"line":50,"column":52},"end":{"line":64,"column":3}},"line":50}},"branchMap":{},"s":{"0":1,"1":1,"2":1,"3":1,"4":1,"5":1,"6":1,"7":1,"8":1,"9":1,"10":1,"11":1,"12":1},"f":{"0":1,"1":1,"2":1,"3":1,"4":1},"b":{},"_coverageSchema":"1a1c01bbd47fc00a2c39e90264f33305004495a9","hash":"9bb676cf0d3c14996651952272365aded29ef3fd"}
,"/Users/monica/Desktop/sparta/Delivery_Titan-project/src/repositories/orders.repository.js": {"path":"/Users/monica/Desktop/sparta/Delivery_Titan-project/src/repositories/orders.repository.js","statementMap":{"0":{"start":{"line":3,"column":4},"end":{"line":3,"column":25}},"1":{"start":{"line":6,"column":23},"end":{"line":12,"column":3}},"2":{"start":{"line":7,"column":24},"end":{"line":10,"column":6}},"3":{"start":{"line":11,"column":4},"end":{"line":11,"column":19}},"4":{"start":{"line":14,"column":16},"end":{"line":64,"column":3}},"5":{"start":{"line":15,"column":18},"end":{"line":62,"column":6}},"6":{"start":{"line":17,"column":20},"end":{"line":24,"column":8}},"7":{"start":{"line":26,"column":6},"end":{"line":32,"column":9}},"8":{"start":{"line":34,"column":20},"end":{"line":41,"column":8}},"9":{"start":{"line":43,"column":6},"end":{"line":50,"column":9}},"10":{"start":{"line":52,"column":6},"end":{"line":59,"column":9}},"11":{"start":{"line":61,"column":6},"end":{"line":61,"column":19}},"12":{"start":{"line":63,"column":4},"end":{"line":63,"column":17}},"13":{"start":{"line":66,"column":17},"end":{"line":72,"column":3}},"14":{"start":{"line":67,"column":22},"end":{"line":70,"column":6}},"15":{"start":{"line":71,"column":4},"end":{"line":71,"column":17}},"16":{"start":{"line":74,"column":24},"end":{"line":80,"column":3}},"17":{"start":{"line":75,"column":20},"end":{"line":78,"column":6}},"18":{"start":{"line":79,"column":4},"end":{"line":79,"column":19}},"19":{"start":{"line":82,"column":28},"end":{"line":88,"column":3}},"20":{"start":{"line":83,"column":28},"end":{"line":86,"column":6}},"21":{"start":{"line":87,"column":4},"end":{"line":87,"column":23}},"22":{"start":{"line":90,"column":23},"end":{"line":130,"column":3}},"23":{"start":{"line":92,"column":19},"end":{"line":102,"column":6}},"24":{"start":{"line":104,"column":4},"end":{"line":127,"column":5}},"25":{"start":{"line":104,"column":17},"end":{"line":104,"column":18}},"26":{"start":{"line":106,"column":20},"end":{"line":115,"column":8}},"27":{"start":{"line":117,"column":21},"end":{"line":117,"column":23}},"28":{"start":{"line":118,"column":6},"end":{"line":125,"column":7}},"29":{"start":{"line":118,"column":19},"end":{"line":118,"column":20}},"30":{"start":{"line":119,"column":21},"end":{"line":122,"column":10}},"31":{"start":{"line":123,"column":8},"end":{"line":123,"column":42}},"32":{"start":{"line":124,"column":8},"end":{"line":124,"column":28}},"33":{"start":{"line":126,"column":6},"end":{"line":126,"column":36}},"34":{"start":{"line":129,"column":4},"end":{"line":129,"column":18}},"35":{"start":{"line":132,"column":22},"end":{"line":172,"column":3}},"36":{"start":{"line":134,"column":19},"end":{"line":144,"column":6}},"37":{"start":{"line":146,"column":4},"end":{"line":169,"column":5}},"38":{"start":{"line":146,"column":17},"end":{"line":146,"column":18}},"39":{"start":{"line":148,"column":20},"end":{"line":157,"column":8}},"40":{"start":{"line":159,"column":21},"end":{"line":159,"column":23}},"41":{"start":{"line":160,"column":6},"end":{"line":167,"column":7}},"42":{"start":{"line":160,"column":19},"end":{"line":160,"column":20}},"43":{"start":{"line":161,"column":21},"end":{"line":164,"column":10}},"44":{"start":{"line":165,"column":8},"end":{"line":165,"column":42}},"45":{"start":{"line":166,"column":8},"end":{"line":166,"column":28}},"46":{"start":{"line":168,"column":6},"end":{"line":168,"column":36}},"47":{"start":{"line":171,"column":4},"end":{"line":171,"column":18}},"48":{"start":{"line":174,"column":17},"end":{"line":179,"column":3}},"49":{"start":{"line":175,"column":18},"end":{"line":177,"column":6}},"50":{"start":{"line":178,"column":4},"end":{"line":178,"column":17}},"51":{"start":{"line":180,"column":17},"end":{"line":186,"column":3}},"52":{"start":{"line":181,"column":18},"end":{"line":184,"column":6}},"53":{"start":{"line":185,"column":4},"end":{"line":185,"column":17}}},"fnMap":{"0":{"name":"(anonymous_0)","decl":{"start":{"line":2,"column":2},"end":{"line":2,"column":3}},"loc":{"start":{"line":2,"column":22},"end":{"line":4,"column":3}},"line":2},"1":{"name":"(anonymous_1)","decl":{"start":{"line":6,"column":23},"end":{"line":6,"column":24}},"loc":{"start":{"line":6,"column":41},"end":{"line":12,"column":3}},"line":6},"2":{"name":"(anonymous_2)","decl":{"start":{"line":14,"column":16},"end":{"line":14,"column":17}},"loc":{"start":{"line":14,"column":50},"end":{"line":64,"column":3}},"line":14},"3":{"name":"(anonymous_3)","decl":{"start":{"line":15,"column":49},"end":{"line":15,"column":50}},"loc":{"start":{"line":15,"column":63},"end":{"line":62,"column":5}},"line":15},"4":{"name":"(anonymous_4)","decl":{"start":{"line":66,"column":17},"end":{"line":66,"column":18}},"loc":{"start":{"line":66,"column":35},"end":{"line":72,"column":3}},"line":66},"5":{"name":"(anonymous_5)","decl":{"start":{"line":74,"column":24},"end":{"line":74,"column":25}},"loc":{"start":{"line":74,"column":43},"end":{"line":80,"column":3}},"line":74},"6":{"name":"(anonymous_6)","decl":{"start":{"line":82,"column":28},"end":{"line":82,"column":29}},"loc":{"start":{"line":82,"column":47},"end":{"line":88,"column":3}},"line":82},"7":{"name":"(anonymous_7)","decl":{"start":{"line":90,"column":23},"end":{"line":90,"column":24}},"loc":{"start":{"line":90,"column":42},"end":{"line":130,"column":3}},"line":90},"8":{"name":"(anonymous_8)","decl":{"start":{"line":132,"column":22},"end":{"line":132,"column":23}},"loc":{"start":{"line":132,"column":40},"end":{"line":172,"column":3}},"line":132},"9":{"name":"(anonymous_9)","decl":{"start":{"line":174,"column":17},"end":{"line":174,"column":18}},"loc":{"start":{"line":174,"column":36},"end":{"line":179,"column":3}},"line":174},"10":{"name":"(anonymous_10)","decl":{"start":{"line":180,"column":17},"end":{"line":180,"column":18}},"loc":{"start":{"line":180,"column":44},"end":{"line":186,"column":3}},"line":180}},"branchMap":{},"s":{"0":1,"1":1,"2":2,"3":2,"4":1,"5":2,"6":0,"7":0,"8":0,"9":0,"10":0,"11":0,"12":1,"13":1,"14":1,"15":1,"16":1,"17":1,"18":1,"19":1,"20":1,"21":1,"22":1,"23":1,"24":1,"25":1,"26":1,"27":1,"28":1,"29":1,"30":1,"31":1,"32":1,"33":1,"34":1,"35":1,"36":1,"37":1,"38":1,"39":1,"40":1,"41":1,"42":1,"43":1,"44":1,"45":1,"46":1,"47":1,"48":1,"49":1,"50":1,"51":1,"52":1,"53":1},"f":{"0":1,"1":2,"2":2,"3":0,"4":1,"5":1,"6":1,"7":1,"8":1,"9":1,"10":1},"b":{},"_coverageSchema":"1a1c01bbd47fc00a2c39e90264f33305004495a9","hash":"5144cffd7cc243ad305914e2fe6f6e8c5b5160e6"}
,"/Users/monica/Desktop/sparta/Delivery_Titan-project/src/repositories/stores.repository.js": {"path":"/Users/monica/Desktop/sparta/Delivery_Titan-project/src/repositories/stores.repository.js","statementMap":{"0":{"start":{"line":6,"column":4},"end":{"line":6,"column":25}},"1":{"start":{"line":9,"column":18},"end":{"line":39,"column":3}},"2":{"start":{"line":10,"column":16},"end":{"line":35,"column":5}},"3":{"start":{"line":37,"column":19},"end":{"line":37,"column":59}},"4":{"start":{"line":38,"column":4},"end":{"line":38,"column":18}},"5":{"start":{"line":41,"column":16},"end":{"line":67,"column":3}},"6":{"start":{"line":52,"column":25},"end":{"line":64,"column":6}},"7":{"start":{"line":66,"column":4},"end":{"line":66,"column":24}},"8":{"start":{"line":69,"column":18},"end":{"line":97,"column":3}},"9":{"start":{"line":70,"column":16},"end":{"line":93,"column":5}},"10":{"start":{"line":94,"column":18},"end":{"line":94,"column":60}},"11":{"start":{"line":96,"column":4},"end":{"line":96,"column":17}},"12":{"start":{"line":99,"column":21},"end":{"line":127,"column":3}},"13":{"start":{"line":100,"column":16},"end":{"line":123,"column":5}},"14":{"start":{"line":124,"column":18},"end":{"line":124,"column":59}},"15":{"start":{"line":126,"column":4},"end":{"line":126,"column":17}},"16":{"start":{"line":129,"column":16},"end":{"line":156,"column":3}},"17":{"start":{"line":140,"column":25},"end":{"line":154,"column":6}},"18":{"start":{"line":155,"column":4},"end":{"line":155,"column":24}},"19":{"start":{"line":158,"column":16},"end":{"line":163,"column":3}},"20":{"start":{"line":159,"column":25},"end":{"line":161,"column":6}},"21":{"start":{"line":162,"column":4},"end":{"line":162,"column":24}}},"fnMap":{"0":{"name":"(anonymous_0)","decl":{"start":{"line":5,"column":2},"end":{"line":5,"column":3}},"loc":{"start":{"line":5,"column":22},"end":{"line":7,"column":3}},"line":5},"1":{"name":"(anonymous_1)","decl":{"start":{"line":9,"column":18},"end":{"line":9,"column":19}},"loc":{"start":{"line":9,"column":30},"end":{"line":39,"column":3}},"line":9},"2":{"name":"(anonymous_2)","decl":{"start":{"line":41,"column":16},"end":{"line":41,"column":17}},"loc":{"start":{"line":51,"column":7},"end":{"line":67,"column":3}},"line":51},"3":{"name":"(anonymous_3)","decl":{"start":{"line":69,"column":18},"end":{"line":69,"column":19}},"loc":{"start":{"line":69,"column":37},"end":{"line":97,"column":3}},"line":69},"4":{"name":"(anonymous_4)","decl":{"start":{"line":99,"column":21},"end":{"line":99,"column":22}},"loc":{"start":{"line":99,"column":40},"end":{"line":127,"column":3}},"line":99},"5":{"name":"(anonymous_5)","decl":{"start":{"line":129,"column":16},"end":{"line":129,"column":17}},"loc":{"start":{"line":139,"column":7},"end":{"line":156,"column":3}},"line":139},"6":{"name":"(anonymous_6)","decl":{"start":{"line":158,"column":16},"end":{"line":158,"column":17}},"loc":{"start":{"line":158,"column":35},"end":{"line":163,"column":3}},"line":158}},"branchMap":{"0":{"loc":{"start":{"line":145,"column":12},"end":{"line":145,"column":38}},"type":"binary-expr","locations":[{"start":{"line":145,"column":12},"end":{"line":145,"column":21}},{"start":{"line":145,"column":25},"end":{"line":145,"column":38}}],"line":145},"1":{"loc":{"start":{"line":146,"column":12},"end":{"line":146,"column":36}},"type":"binary-expr","locations":[{"start":{"line":146,"column":12},"end":{"line":146,"column":20}},{"start":{"line":146,"column":24},"end":{"line":146,"column":36}}],"line":146},"2":{"loc":{"start":{"line":149,"column":12},"end":{"line":149,"column":32}},"type":"binary-expr","locations":[{"start":{"line":149,"column":12},"end":{"line":149,"column":18}},{"start":{"line":149,"column":22},"end":{"line":149,"column":32}}],"line":149}},"s":{"0":1,"1":1,"2":2,"3":2,"4":2,"5":1,"6":1,"7":1,"8":1,"9":0,"10":0,"11":0,"12":1,"13":0,"14":0,"15":0,"16":1,"17":1,"18":1,"19":1,"20":1,"21":1},"f":{"0":1,"1":2,"2":1,"3":0,"4":0,"5":1,"6":1},"b":{"0":[1,1],"1":[1,1],"2":[1,1]},"_coverageSchema":"1a1c01bbd47fc00a2c39e90264f33305004495a9","hash":"4039bb263bd9492506c5ea6d444b09414c82d4ad"}
,"/Users/monica/Desktop/sparta/Delivery_Titan-project/src/services/carts.service.js": {"path":"/Users/monica/Desktop/sparta/Delivery_Titan-project/src/services/carts.service.js","statementMap":{"0":{"start":{"line":8,"column":4},"end":{"line":8,"column":41}},"1":{"start":{"line":11,"column":14},"end":{"line":53,"column":3}},"2":{"start":{"line":12,"column":24},"end":{"line":12,"column":69}},"3":{"start":{"line":14,"column":4},"end":{"line":17,"column":8}},"4":{"start":{"line":15,"column":6},"end":{"line":17,"column":8}},"5":{"start":{"line":20,"column":16},"end":{"line":20,"column":66}},"6":{"start":{"line":21,"column":15},"end":{"line":21,"column":19}},"7":{"start":{"line":22,"column":4},"end":{"line":50,"column":5}},"8":{"start":{"line":25,"column":6},"end":{"line":25,"column":75}},"9":{"start":{"line":26,"column":11},"end":{"line":50,"column":5}},"10":{"start":{"line":29,"column":6},"end":{"line":34,"column":8}},"11":{"start":{"line":33,"column":25},"end":{"line":33,"column":29}},"12":{"start":{"line":37,"column":6},"end":{"line":46,"column":7}},"13":{"start":{"line":37,"column":19},"end":{"line":37,"column":20}},"14":{"start":{"line":38,"column":8},"end":{"line":45,"column":9}},"15":{"start":{"line":40,"column":10},"end":{"line":43,"column":12}},"16":{"start":{"line":44,"column":10},"end":{"line":44,"column":16}},"17":{"start":{"line":48,"column":6},"end":{"line":49,"column":77}},"18":{"start":{"line":49,"column":8},"end":{"line":49,"column":77}},"19":{"start":{"line":52,"column":4},"end":{"line":52,"column":16}},"20":{"start":{"line":55,"column":19},"end":{"line":72,"column":3}},"21":{"start":{"line":56,"column":4},"end":{"line":57,"column":60}},"22":{"start":{"line":57,"column":6},"end":{"line":57,"column":60}},"23":{"start":{"line":59,"column":24},"end":{"line":62,"column":5}},"24":{"start":{"line":64,"column":4},"end":{"line":65,"column":51}},"25":{"start":{"line":65,"column":6},"end":{"line":65,"column":51}},"26":{"start":{"line":67,"column":4},"end":{"line":68,"column":44}},"27":{"start":{"line":68,"column":6},"end":{"line":68,"column":44}},"28":{"start":{"line":70,"column":17},"end":{"line":70,"column":79}},"29":{"start":{"line":71,"column":4},"end":{"line":71,"column":16}},"30":{"start":{"line":75,"column":12},"end":{"line":92,"column":3}},"31":{"start":{"line":76,"column":18},"end":{"line":76,"column":68}},"32":{"start":{"line":77,"column":4},"end":{"line":77,"column":41}},"33":{"start":{"line":77,"column":28},"end":{"line":77,"column":41}},"34":{"start":{"line":79,"column":6},"end":{"line":79,"column":66}},"35":{"start":{"line":81,"column":21},"end":{"line":81,"column":22}},"36":{"start":{"line":82,"column":4},"end":{"line":88,"column":5}},"37":{"start":{"line":82,"column":17},"end":{"line":82,"column":18}},"38":{"start":{"line":83,"column":19},"end":{"line":83,"column":73}},"39":{"start":{"line":84,"column":6},"end":{"line":84,"column":40}},"40":{"start":{"line":85,"column":6},"end":{"line":85,"column":42}},"41":{"start":{"line":86,"column":6},"end":{"line":86,"column":34}},"42":{"start":{"line":87,"column":6},"end":{"line":87,"column":51}},"43":{"start":{"line":89,"column":4},"end":{"line":89,"column":55}},"44":{"start":{"line":91,"column":4},"end":{"line":91,"column":17}},"45":{"start":{"line":94,"column":15},"end":{"line":104,"column":3}},"46":{"start":{"line":95,"column":24},"end":{"line":98,"column":5}},"47":{"start":{"line":99,"column":4},"end":{"line":100,"column":51}},"48":{"start":{"line":100,"column":6},"end":{"line":100,"column":51}},"49":{"start":{"line":102,"column":4},"end":{"line":102,"column":61}},"50":{"start":{"line":103,"column":4},"end":{"line":103,"column":11}}},"fnMap":{"0":{"name":"(anonymous_0)","decl":{"start":{"line":7,"column":2},"end":{"line":7,"column":3}},"loc":{"start":{"line":7,"column":30},"end":{"line":9,"column":3}},"line":7},"1":{"name":"(anonymous_1)","decl":{"start":{"line":11,"column":14},"end":{"line":11,"column":15}},"loc":{"start":{"line":11,"column":49},"end":{"line":53,"column":3}},"line":11},"2":{"name":"(anonymous_2)","decl":{"start":{"line":33,"column":18},"end":{"line":33,"column":19}},"loc":{"start":{"line":33,"column":25},"end":{"line":33,"column":29}},"line":33},"3":{"name":"(anonymous_3)","decl":{"start":{"line":55,"column":19},"end":{"line":55,"column":20}},"loc":{"start":{"line":55,"column":64},"end":{"line":72,"column":3}},"line":55},"4":{"name":"(anonymous_4)","decl":{"start":{"line":75,"column":12},"end":{"line":75,"column":13}},"loc":{"start":{"line":75,"column":30},"end":{"line":92,"column":3}},"line":75},"5":{"name":"(anonymous_5)","decl":{"start":{"line":94,"column":15},"end":{"line":94,"column":16}},"loc":{"start":{"line":94,"column":41},"end":{"line":104,"column":3}},"line":94}},"branchMap":{"0":{"loc":{"start":{"line":14,"column":4},"end":{"line":17,"column":8}},"type":"if","locations":[{"start":{"line":14,"column":4},"end":{"line":17,"column":8}},{"start":{},"end":{}}],"line":14},"1":{"loc":{"start":{"line":14,"column":8},"end":{"line":14,"column":54}},"type":"binary-expr","locations":[{"start":{"line":14,"column":8},"end":{"line":14,"column":20}},{"start":{"line":14,"column":24},"end":{"line":14,"column":54}}],"line":14},"2":{"loc":{"start":{"line":22,"column":4},"end":{"line":50,"column":5}},"type":"if","locations":[{"start":{"line":22,"column":4},"end":{"line":50,"column":5}},{"start":{"line":26,"column":11},"end":{"line":50,"column":5}}],"line":22},"3":{"loc":{"start":{"line":26,"column":11},"end":{"line":50,"column":5}},"type":"if","locations":[{"start":{"line":26,"column":11},"end":{"line":50,"column":5}},{"start":{"line":35,"column":11},"end":{"line":50,"column":5}}],"line":26},"4":{"loc":{"start":{"line":38,"column":8},"end":{"line":45,"column":9}},"type":"if","locations":[{"start":{"line":38,"column":8},"end":{"line":45,"column":9}},{"start":{},"end":{}}],"line":38},"5":{"loc":{"start":{"line":48,"column":6},"end":{"line":49,"column":77}},"type":"if","locations":[{"start":{"line":48,"column":6},"end":{"line":49,"column":77}},{"start":{},"end":{}}],"line":48},"6":{"loc":{"start":{"line":56,"column":4},"end":{"line":57,"column":60}},"type":"if","locations":[{"start":{"line":56,"column":4},"end":{"line":57,"column":60}},{"start":{},"end":{}}],"line":56},"7":{"loc":{"start":{"line":56,"column":8},"end":{"line":56,"column":49}},"type":"binary-expr","locations":[{"start":{"line":56,"column":8},"end":{"line":56,"column":29}},{"start":{"line":56,"column":33},"end":{"line":56,"column":49}}],"line":56},"8":{"loc":{"start":{"line":64,"column":4},"end":{"line":65,"column":51}},"type":"if","locations":[{"start":{"line":64,"column":4},"end":{"line":65,"column":51}},{"start":{},"end":{}}],"line":64},"9":{"loc":{"start":{"line":67,"column":4},"end":{"line":68,"column":44}},"type":"if","locations":[{"start":{"line":67,"column":4},"end":{"line":68,"column":44}},{"start":{},"end":{}}],"line":67},"10":{"loc":{"start":{"line":77,"column":4},"end":{"line":77,"column":41}},"type":"if","locations":[{"start":{"line":77,"column":4},"end":{"line":77,"column":41}},{"start":{},"end":{}}],"line":77},"11":{"loc":{"start":{"line":99,"column":4},"end":{"line":100,"column":51}},"type":"if","locations":[{"start":{"line":99,"column":4},"end":{"line":100,"column":51}},{"start":{},"end":{}}],"line":99}},"s":{"0":1,"1":1,"2":5,"3":5,"4":1,"5":4,"6":4,"7":4,"8":1,"9":3,"10":1,"11":1,"12":2,"13":2,"14":2,"15":1,"16":1,"17":2,"18":1,"19":4,"20":1,"21":4,"22":1,"23":3,"24":3,"25":1,"26":2,"27":1,"28":1,"29":1,"30":1,"31":2,"32":2,"33":1,"34":1,"35":1,"36":1,"37":1,"38":2,"39":2,"40":2,"41":2,"42":2,"43":1,"44":1,"45":1,"46":2,"47":2,"48":1,"49":1,"50":1},"f":{"0":1,"1":5,"2":1,"3":4,"4":2,"5":2},"b":{"0":[1,4],"1":[5,5],"2":[1,3],"3":[1,2],"4":[1,1],"5":[1,1],"6":[1,3],"7":[4,3],"8":[1,2],"9":[1,1],"10":[1,1],"11":[1,1]},"_coverageSchema":"1a1c01bbd47fc00a2c39e90264f33305004495a9","hash":"1bb0bfe185ae775773e1f93da18f4ebb85ce0421"}
,"/Users/monica/Desktop/sparta/Delivery_Titan-project/src/services/main.service.js": {"path":"/Users/monica/Desktop/sparta/Delivery_Titan-project/src/services/main.service.js","statementMap":{"0":{"start":{"line":8,"column":4},"end":{"line":8,"column":41}},"1":{"start":{"line":11,"column":15},"end":{"line":26,"column":3}},"2":{"start":{"line":12,"column":4},"end":{"line":13,"column":55}},"3":{"start":{"line":13,"column":6},"end":{"line":13,"column":55}},"4":{"start":{"line":15,"column":24},"end":{"line":15,"column":79}},"5":{"start":{"line":16,"column":4},"end":{"line":17,"column":46}},"6":{"start":{"line":17,"column":6},"end":{"line":17,"column":46}},"7":{"start":{"line":19,"column":4},"end":{"line":24,"column":5}},"8":{"start":{"line":19,"column":17},"end":{"line":19,"column":18}},"9":{"start":{"line":20,"column":24},"end":{"line":22,"column":7}},"10":{"start":{"line":23,"column":6},"end":{"line":23,"column":43}},"11":{"start":{"line":25,"column":4},"end":{"line":25,"column":23}},"12":{"start":{"line":28,"column":17},"end":{"line":31,"column":3}},"13":{"start":{"line":29,"column":19},"end":{"line":29,"column":59}},"14":{"start":{"line":30,"column":4},"end":{"line":30,"column":18}},"15":{"start":{"line":33,"column":15},"end":{"line":62,"column":3}},"16":{"start":{"line":34,"column":4},"end":{"line":40,"column":65}},"17":{"start":{"line":40,"column":6},"end":{"line":40,"column":65}},"18":{"start":{"line":42,"column":20},"end":{"line":48,"column":5}},"19":{"start":{"line":49,"column":4},"end":{"line":52,"column":8}},"20":{"start":{"line":50,"column":6},"end":{"line":52,"column":8}},"21":{"start":{"line":53,"column":22},"end":{"line":53,"column":37}},"22":{"start":{"line":54,"column":4},"end":{"line":55,"column":65}},"23":{"start":{"line":55,"column":6},"end":{"line":55,"column":65}},"24":{"start":{"line":57,"column":25},"end":{"line":60,"column":5}},"25":{"start":{"line":61,"column":4},"end":{"line":61,"column":24}}},"fnMap":{"0":{"name":"(anonymous_0)","decl":{"start":{"line":7,"column":2},"end":{"line":7,"column":3}},"loc":{"start":{"line":7,"column":30},"end":{"line":9,"column":3}},"line":7},"1":{"name":"(anonymous_1)","decl":{"start":{"line":11,"column":15},"end":{"line":11,"column":16}},"loc":{"start":{"line":11,"column":37},"end":{"line":26,"column":3}},"line":11},"2":{"name":"(anonymous_2)","decl":{"start":{"line":28,"column":17},"end":{"line":28,"column":18}},"loc":{"start":{"line":28,"column":29},"end":{"line":31,"column":3}},"line":28},"3":{"name":"(anonymous_3)","decl":{"start":{"line":33,"column":15},"end":{"line":33,"column":16}},"loc":{"start":{"line":33,"column":47},"end":{"line":62,"column":3}},"line":33}},"branchMap":{"0":{"loc":{"start":{"line":12,"column":4},"end":{"line":13,"column":55}},"type":"if","locations":[{"start":{"line":12,"column":4},"end":{"line":13,"column":55}},{"start":{},"end":{}}],"line":12},"1":{"loc":{"start":{"line":16,"column":4},"end":{"line":17,"column":46}},"type":"if","locations":[{"start":{"line":16,"column":4},"end":{"line":17,"column":46}},{"start":{},"end":{}}],"line":16},"2":{"loc":{"start":{"line":34,"column":4},"end":{"line":40,"column":65}},"type":"if","locations":[{"start":{"line":34,"column":4},"end":{"line":40,"column":65}},{"start":{},"end":{}}],"line":34},"3":{"loc":{"start":{"line":35,"column":6},"end":{"line":38,"column":29}},"type":"binary-expr","locations":[{"start":{"line":35,"column":6},"end":{"line":35,"column":15}},{"start":{"line":36,"column":6},"end":{"line":36,"column":27}},{"start":{"line":37,"column":6},"end":{"line":37,"column":17}},{"start":{"line":38,"column":6},"end":{"line":38,"column":29}}],"line":35},"4":{"loc":{"start":{"line":49,"column":4},"end":{"line":52,"column":8}},"type":"if","locations":[{"start":{"line":49,"column":4},"end":{"line":52,"column":8}},{"start":{},"end":{}}],"line":49},"5":{"loc":{"start":{"line":54,"column":4},"end":{"line":55,"column":65}},"type":"if","locations":[{"start":{"line":54,"column":4},"end":{"line":55,"column":65}},{"start":{},"end":{}}],"line":54}},"s":{"0":1,"1":1,"2":3,"3":1,"4":2,"5":2,"6":1,"7":1,"8":1,"9":2,"10":2,"11":1,"12":1,"13":1,"14":1,"15":1,"16":4,"17":1,"18":3,"19":3,"20":1,"21":2,"22":2,"23":1,"24":1,"25":1},"f":{"0":1,"1":3,"2":1,"3":4},"b":{"0":[1,2],"1":[1,1],"2":[1,3],"3":[4,3,3,3],"4":[1,2],"5":[1,1]},"_coverageSchema":"1a1c01bbd47fc00a2c39e90264f33305004495a9","hash":"d81fc12f41d277ccfc27c874463622bd1b597b23"}
,"/Users/monica/Desktop/sparta/Delivery_Titan-project/src/services/orders.service.js": {"path":"/Users/monica/Desktop/sparta/Delivery_Titan-project/src/services/orders.service.js","statementMap":{"0":{"start":{"line":9,"column":4},"end":{"line":9,"column":43}},"1":{"start":{"line":10,"column":4},"end":{"line":10,"column":41}},"2":{"start":{"line":13,"column":16},"end":{"line":49,"column":3}},"3":{"start":{"line":15,"column":18},"end":{"line":15,"column":68}},"4":{"start":{"line":16,"column":4},"end":{"line":16,"column":69}},"5":{"start":{"line":16,"column":28},"end":{"line":16,"column":69}},"6":{"start":{"line":18,"column":21},"end":{"line":18,"column":22}},"7":{"start":{"line":19,"column":4},"end":{"line":22,"column":5}},"8":{"start":{"line":19,"column":17},"end":{"line":19,"column":18}},"9":{"start":{"line":20,"column":19},"end":{"line":20,"column":73}},"10":{"start":{"line":21,"column":6},"end":{"line":21,"column":51}},"11":{"start":{"line":24,"column":24},"end":{"line":26,"column":5}},"12":{"start":{"line":28,"column":4},"end":{"line":28,"column":30}},"13":{"start":{"line":31,"column":18},"end":{"line":31,"column":65}},"14":{"start":{"line":32,"column":4},"end":{"line":32,"column":62}},"15":{"start":{"line":32,"column":28},"end":{"line":32,"column":62}},"16":{"start":{"line":34,"column":4},"end":{"line":34,"column":34}},"17":{"start":{"line":37,"column":4},"end":{"line":40,"column":5}},"18":{"start":{"line":38,"column":6},"end":{"line":38,"column":70}},"19":{"start":{"line":39,"column":6},"end":{"line":39,"column":69}},"20":{"start":{"line":39,"column":27},"end":{"line":39,"column":69}},"21":{"start":{"line":43,"column":18},"end":{"line":47,"column":5}},"22":{"start":{"line":48,"column":4},"end":{"line":48,"column":17}},"23":{"start":{"line":51,"column":23},"end":{"line":56,"column":3}},"24":{"start":{"line":52,"column":20},"end":{"line":52,"column":75}},"25":{"start":{"line":53,"column":4},"end":{"line":53,"column":67}},"26":{"start":{"line":53,"column":25},"end":{"line":53,"column":67}},"27":{"start":{"line":54,"column":19},"end":{"line":54,"column":76}},"28":{"start":{"line":55,"column":4},"end":{"line":55,"column":18}},"29":{"start":{"line":58,"column":22},"end":{"line":61,"column":3}},"30":{"start":{"line":59,"column":19},"end":{"line":59,"column":71}},"31":{"start":{"line":60,"column":4},"end":{"line":60,"column":18}},"32":{"start":{"line":63,"column":17},"end":{"line":88,"column":3}},"33":{"start":{"line":65,"column":18},"end":{"line":65,"column":66}},"34":{"start":{"line":66,"column":4},"end":{"line":66,"column":61}},"35":{"start":{"line":66,"column":16},"end":{"line":66,"column":61}},"36":{"start":{"line":68,"column":25},"end":{"line":73,"column":5}},"37":{"start":{"line":75,"column":4},"end":{"line":80,"column":46}},"38":{"start":{"line":80,"column":6},"end":{"line":80,"column":46}},"39":{"start":{"line":82,"column":25},"end":{"line":85,"column":5}},"40":{"start":{"line":87,"column":4},"end":{"line":87,"column":24}}},"fnMap":{"0":{"name":"(anonymous_0)","decl":{"start":{"line":8,"column":2},"end":{"line":8,"column":3}},"loc":{"start":{"line":8,"column":47},"end":{"line":11,"column":3}},"line":8},"1":{"name":"(anonymous_1)","decl":{"start":{"line":13,"column":16},"end":{"line":13,"column":17}},"loc":{"start":{"line":13,"column":43},"end":{"line":49,"column":3}},"line":13},"2":{"name":"(anonymous_2)","decl":{"start":{"line":51,"column":23},"end":{"line":51,"column":24}},"loc":{"start":{"line":51,"column":42},"end":{"line":56,"column":3}},"line":51},"3":{"name":"(anonymous_3)","decl":{"start":{"line":58,"column":22},"end":{"line":58,"column":23}},"loc":{"start":{"line":58,"column":40},"end":{"line":61,"column":3}},"line":58},"4":{"name":"(anonymous_4)","decl":{"start":{"line":63,"column":17},"end":{"line":63,"column":18}},"loc":{"start":{"line":63,"column":44},"end":{"line":88,"column":3}},"line":63}},"branchMap":{"0":{"loc":{"start":{"line":16,"column":4},"end":{"line":16,"column":69}},"type":"if","locations":[{"start":{"line":16,"column":4},"end":{"line":16,"column":69}},{"start":{},"end":{}}],"line":16},"1":{"loc":{"start":{"line":32,"column":4},"end":{"line":32,"column":62}},"type":"if","locations":[{"start":{"line":32,"column":4},"end":{"line":32,"column":62}},{"start":{},"end":{}}],"line":32},"2":{"loc":{"start":{"line":37,"column":4},"end":{"line":40,"column":5}},"type":"if","locations":[{"start":{"line":37,"column":4},"end":{"line":40,"column":5}},{"start":{},"end":{}}],"line":37},"3":{"loc":{"start":{"line":37,"column":8},"end":{"line":37,"column":47}},"type":"binary-expr","locations":[{"start":{"line":37,"column":8},"end":{"line":37,"column":28}},{"start":{"line":37,"column":32},"end":{"line":37,"column":47}}],"line":37},"4":{"loc":{"start":{"line":39,"column":6},"end":{"line":39,"column":69}},"type":"if","locations":[{"start":{"line":39,"column":6},"end":{"line":39,"column":69}},{"start":{},"end":{}}],"line":39},"5":{"loc":{"start":{"line":53,"column":4},"end":{"line":53,"column":67}},"type":"if","locations":[{"start":{"line":53,"column":4},"end":{"line":53,"column":67}},{"start":{},"end":{}}],"line":53},"6":{"loc":{"start":{"line":66,"column":4},"end":{"line":66,"column":61}},"type":"if","locations":[{"start":{"line":66,"column":4},"end":{"line":66,"column":61}},{"start":{},"end":{}}],"line":66},"7":{"loc":{"start":{"line":75,"column":4},"end":{"line":80,"column":46}},"type":"if","locations":[{"start":{"line":75,"column":4},"end":{"line":80,"column":46}},{"start":{},"end":{}}],"line":75},"8":{"loc":{"start":{"line":76,"column":6},"end":{"line":78,"column":44}},"type":"binary-expr","locations":[{"start":{"line":76,"column":6},"end":{"line":76,"column":13}},{"start":{"line":77,"column":6},"end":{"line":77,"column":25}},{"start":{"line":78,"column":6},"end":{"line":78,"column":44}}],"line":76}},"s":{"0":1,"1":1,"2":1,"3":4,"4":4,"5":1,"6":3,"7":3,"8":3,"9":6,"10":6,"11":3,"12":3,"13":3,"14":3,"15":1,"16":2,"17":2,"18":1,"19":1,"20":1,"21":1,"22":1,"23":1,"24":2,"25":2,"26":1,"27":1,"28":1,"29":1,"30":1,"31":1,"32":1,"33":3,"34":3,"35":1,"36":2,"37":2,"38":1,"39":1,"40":1},"f":{"0":1,"1":4,"2":2,"3":1,"4":3},"b":{"0":[1,3],"1":[1,2],"2":[1,1],"3":[2,1],"4":[1,0],"5":[1,1],"6":[1,2],"7":[1,1],"8":[2,2,2]},"_coverageSchema":"1a1c01bbd47fc00a2c39e90264f33305004495a9","hash":"807c5d0f78ac690ed68f3561fe413bfcde743927"}
,"/Users/monica/Desktop/sparta/Delivery_Titan-project/src/utils/prisma/index.js": {"path":"/Users/monica/Desktop/sparta/Delivery_Titan-project/src/utils/prisma/index.js","statementMap":{"0":{"start":{"line":3,"column":22},"end":{"line":9,"column":2}}},"fnMap":{},"branchMap":{},"s":{"0":1},"f":{},"b":{},"_coverageSchema":"1a1c01bbd47fc00a2c39e90264f33305004495a9","hash":"407a18822f486c93db5028eeaa7454f80a8e622e"}
}
