{"C:\\Users\\tntnc\\OneDrive\\바탕 화면\\sparta\\deli-titan\\src\\controllers\\carts.controller.js": {"path":"C:\\Users\\tntnc\\OneDrive\\바탕 화면\\sparta\\deli-titan\\src\\controllers\\carts.controller.js","statementMap":{"0":{"start":{"line":3,"column":4},"end":{"line":3,"column":35}},"1":{"start":{"line":7,"column":14},"end":{"line":17,"column":3}},"2":{"start":{"line":8,"column":4},"end":{"line":16,"column":5}},"3":{"start":{"line":9,"column":34},"end":{"line":9,"column":44}},"4":{"start":{"line":10,"column":21},"end":{"line":10,"column":31}},"5":{"start":{"line":12,"column":19},"end":{"line":12,"column":76}},"6":{"start":{"line":13,"column":6},"end":{"line":13,"column":44}},"7":{"start":{"line":15,"column":6},"end":{"line":15,"column":16}},"8":{"start":{"line":29,"column":19},"end":{"line":45,"column":3}},"9":{"start":{"line":30,"column":4},"end":{"line":44,"column":5}},"10":{"start":{"line":31,"column":34},"end":{"line":31,"column":44}},"11":{"start":{"line":32,"column":27},"end":{"line":32,"column":35}},"12":{"start":{"line":33,"column":21},"end":{"line":33,"column":31}},"13":{"start":{"line":35,"column":19},"end":{"line":40,"column":7}},"14":{"start":{"line":41,"column":6},"end":{"line":41,"column":44}},"15":{"start":{"line":43,"column":6},"end":{"line":43,"column":16}},"16":{"start":{"line":48,"column":12},"end":{"line":56,"column":3}},"17":{"start":{"line":49,"column":4},"end":{"line":55,"column":5}},"18":{"start":{"line":50,"column":21},"end":{"line":50,"column":31}},"19":{"start":{"line":51,"column":19},"end":{"line":51,"column":57}},"20":{"start":{"line":52,"column":6},"end":{"line":52,"column":44}},"21":{"start":{"line":54,"column":6},"end":{"line":54,"column":16}},"22":{"start":{"line":59,"column":15},"end":{"line":69,"column":3}},"23":{"start":{"line":60,"column":4},"end":{"line":68,"column":5}},"24":{"start":{"line":61,"column":25},"end":{"line":61,"column":35}},"25":{"start":{"line":62,"column":21},"end":{"line":62,"column":31}},"26":{"start":{"line":63,"column":6},"end":{"line":63,"column":56}},"27":{"start":{"line":64,"column":19},"end":{"line":64,"column":57}},"28":{"start":{"line":65,"column":6},"end":{"line":65,"column":44}},"29":{"start":{"line":67,"column":6},"end":{"line":67,"column":16}}},"fnMap":{"0":{"name":"(anonymous_0)","decl":{"start":{"line":2,"column":2},"end":{"line":2,"column":3}},"loc":{"start":{"line":2,"column":27},"end":{"line":4,"column":3}},"line":2},"1":{"name":"(anonymous_1)","decl":{"start":{"line":7,"column":14},"end":{"line":7,"column":15}},"loc":{"start":{"line":7,"column":40},"end":{"line":17,"column":3}},"line":7},"2":{"name":"(anonymous_2)","decl":{"start":{"line":29,"column":19},"end":{"line":29,"column":20}},"loc":{"start":{"line":29,"column":45},"end":{"line":45,"column":3}},"line":29},"3":{"name":"(anonymous_3)","decl":{"start":{"line":48,"column":12},"end":{"line":48,"column":13}},"loc":{"start":{"line":48,"column":38},"end":{"line":56,"column":3}},"line":48},"4":{"name":"(anonymous_4)","decl":{"start":{"line":59,"column":15},"end":{"line":59,"column":16}},"loc":{"start":{"line":59,"column":41},"end":{"line":69,"column":3}},"line":59}},"branchMap":{},"s":{"0":1,"1":1,"2":2,"3":2,"4":2,"5":2,"6":1,"7":1,"8":1,"9":2,"10":2,"11":2,"12":2,"13":2,"14":1,"15":1,"16":1,"17":2,"18":2,"19":2,"20":1,"21":1,"22":1,"23":2,"24":2,"25":2,"26":2,"27":1,"28":1,"29":1},"f":{"0":1,"1":2,"2":2,"3":2,"4":2},"b":{},"_coverageSchema":"1a1c01bbd47fc00a2c39e90264f33305004495a9","hash":"fe9d15757a3241ea91e72dbd5b0afb7d1eb4dfe1"}
,"C:\\Users\\tntnc\\OneDrive\\바탕 화면\\sparta\\deli-titan\\src\\middlewares\\error-handling.middleware.js": {"path":"C:\\Users\\tntnc\\OneDrive\\바탕 화면\\sparta\\deli-titan\\src\\middlewares\\error-handling.middleware.js","statementMap":{"0":{"start":{"line":2,"column":2},"end":{"line":8,"column":3}},"1":{"start":{"line":3,"column":4},"end":{"line":3,"column":65}},"2":{"start":{"line":4,"column":9},"end":{"line":8,"column":3}},"3":{"start":{"line":5,"column":4},"end":{"line":5,"column":69}},"4":{"start":{"line":6,"column":9},"end":{"line":8,"column":3}},"5":{"start":{"line":7,"column":4},"end":{"line":7,"column":69}},"6":{"start":{"line":9,"column":2},"end":{"line":11,"column":58}},"7":{"start":{"line":16,"column":4},"end":{"line":16,"column":19}},"8":{"start":{"line":17,"column":4},"end":{"line":17,"column":25}},"9":{"start":{"line":23,"column":4},"end":{"line":23,"column":19}},"10":{"start":{"line":24,"column":4},"end":{"line":24,"column":32}},"11":{"start":{"line":25,"column":4},"end":{"line":25,"column":26}},"12":{"start":{"line":31,"column":4},"end":{"line":31,"column":19}},"13":{"start":{"line":32,"column":4},"end":{"line":32,"column":34}},"14":{"start":{"line":33,"column":4},"end":{"line":33,"column":26}}},"fnMap":{"0":{"name":"errorHandler","decl":{"start":{"line":1,"column":16},"end":{"line":1,"column":28}},"loc":{"start":{"line":1,"column":50},"end":{"line":12,"column":1}},"line":1},"1":{"name":"(anonymous_1)","decl":{"start":{"line":15,"column":2},"end":{"line":15,"column":3}},"loc":{"start":{"line":15,"column":31},"end":{"line":18,"column":3}},"line":15},"2":{"name":"(anonymous_2)","decl":{"start":{"line":22,"column":2},"end":{"line":22,"column":3}},"loc":{"start":{"line":22,"column":46},"end":{"line":26,"column":3}},"line":22},"3":{"name":"(anonymous_3)","decl":{"start":{"line":30,"column":2},"end":{"line":30,"column":3}},"loc":{"start":{"line":30,"column":39},"end":{"line":34,"column":3}},"line":30}},"branchMap":{"0":{"loc":{"start":{"line":2,"column":2},"end":{"line":8,"column":3}},"type":"if","locations":[{"start":{"line":2,"column":2},"end":{"line":8,"column":3}},{"start":{"line":4,"column":9},"end":{"line":8,"column":3}}],"line":2},"1":{"loc":{"start":{"line":4,"column":9},"end":{"line":8,"column":3}},"type":"if","locations":[{"start":{"line":4,"column":9},"end":{"line":8,"column":3}},{"start":{"line":6,"column":9},"end":{"line":8,"column":3}}],"line":4},"2":{"loc":{"start":{"line":6,"column":9},"end":{"line":8,"column":3}},"type":"if","locations":[{"start":{"line":6,"column":9},"end":{"line":8,"column":3}},{"start":{},"end":{}}],"line":6},"3":{"loc":{"start":{"line":22,"column":14},"end":{"line":22,"column":44}},"type":"default-arg","locations":[{"start":{"line":22,"column":24},"end":{"line":22,"column":44}}],"line":22},"4":{"loc":{"start":{"line":30,"column":14},"end":{"line":30,"column":37}},"type":"default-arg","locations":[{"start":{"line":30,"column":24},"end":{"line":30,"column":37}}],"line":30}},"s":{"0":0,"1":0,"2":0,"3":0,"4":0,"5":0,"6":0,"7":0,"8":0,"9":4,"10":4,"11":4,"12":2,"13":2,"14":2},"f":{"0":0,"1":0,"2":4,"3":2},"b":{"0":[0,0],"1":[0,0],"2":[0,0],"3":[0],"4":[0]},"_coverageSchema":"1a1c01bbd47fc00a2c39e90264f33305004495a9","hash":"6caacf77c56955d18eae3c28f2fc3930eed5055a"}
,"C:\\Users\\tntnc\\OneDrive\\바탕 화면\\sparta\\deli-titan\\src\\repositories\\carts.repository.js": {"path":"C:\\Users\\tntnc\\OneDrive\\바탕 화면\\sparta\\deli-titan\\src\\repositories\\carts.repository.js","statementMap":{"0":{"start":{"line":3,"column":4},"end":{"line":3,"column":25}},"1":{"start":{"line":6,"column":20},"end":{"line":11,"column":3}},"2":{"start":{"line":7,"column":17},"end":{"line":9,"column":6}},"3":{"start":{"line":10,"column":4},"end":{"line":10,"column":16}},"4":{"start":{"line":13,"column":15},"end":{"line":23,"column":3}},"5":{"start":{"line":14,"column":17},"end":{"line":20,"column":6}},"6":{"start":{"line":22,"column":4},"end":{"line":22,"column":16}},"7":{"start":{"line":25,"column":22},"end":{"line":40,"column":3}},"8":{"start":{"line":26,"column":17},"end":{"line":38,"column":6}},"9":{"start":{"line":27,"column":6},"end":{"line":29,"column":9}},"10":{"start":{"line":30,"column":19},"end":{"line":36,"column":8}},"11":{"start":{"line":37,"column":6},"end":{"line":37,"column":18}},"12":{"start":{"line":39,"column":4},"end":{"line":39,"column":16}},"13":{"start":{"line":42,"column":15},"end":{"line":48,"column":3}},"14":{"start":{"line":43,"column":17},"end":{"line":46,"column":6}},"15":{"start":{"line":47,"column":4},"end":{"line":47,"column":16}},"16":{"start":{"line":50,"column":27},"end":{"line":55,"column":3}},"17":{"start":{"line":51,"column":17},"end":{"line":53,"column":6}},"18":{"start":{"line":54,"column":4},"end":{"line":54,"column":16}},"19":{"start":{"line":57,"column":21},"end":{"line":62,"column":3}},"20":{"start":{"line":58,"column":18},"end":{"line":60,"column":6}},"21":{"start":{"line":61,"column":4},"end":{"line":61,"column":17}},"22":{"start":{"line":64,"column":16},"end":{"line":69,"column":3}},"23":{"start":{"line":65,"column":17},"end":{"line":67,"column":6}},"24":{"start":{"line":68,"column":4},"end":{"line":68,"column":16}},"25":{"start":{"line":71,"column":21},"end":{"line":77,"column":3}},"26":{"start":{"line":72,"column":22},"end":{"line":75,"column":6}},"27":{"start":{"line":76,"column":4},"end":{"line":76,"column":21}},"28":{"start":{"line":79,"column":19},"end":{"line":84,"column":3}},"29":{"start":{"line":80,"column":4},"end":{"line":82,"column":7}},"30":{"start":{"line":83,"column":4},"end":{"line":83,"column":11}}},"fnMap":{"0":{"name":"(anonymous_0)","decl":{"start":{"line":2,"column":2},"end":{"line":2,"column":3}},"loc":{"start":{"line":2,"column":22},"end":{"line":4,"column":3}},"line":2},"1":{"name":"(anonymous_1)","decl":{"start":{"line":6,"column":20},"end":{"line":6,"column":21}},"loc":{"start":{"line":6,"column":38},"end":{"line":11,"column":3}},"line":6},"2":{"name":"(anonymous_2)","decl":{"start":{"line":13,"column":15},"end":{"line":13,"column":16}},"loc":{"start":{"line":13,"column":50},"end":{"line":23,"column":3}},"line":13},"3":{"name":"(anonymous_3)","decl":{"start":{"line":25,"column":22},"end":{"line":25,"column":23}},"loc":{"start":{"line":25,"column":65},"end":{"line":40,"column":3}},"line":25},"4":{"name":"(anonymous_4)","decl":{"start":{"line":26,"column":48},"end":{"line":26,"column":49}},"loc":{"start":{"line":26,"column":62},"end":{"line":38,"column":5}},"line":26},"5":{"name":"(anonymous_5)","decl":{"start":{"line":42,"column":15},"end":{"line":42,"column":16}},"loc":{"start":{"line":42,"column":43},"end":{"line":48,"column":3}},"line":42},"6":{"name":"(anonymous_6)","decl":{"start":{"line":50,"column":27},"end":{"line":50,"column":28}},"loc":{"start":{"line":50,"column":53},"end":{"line":55,"column":3}},"line":50},"7":{"name":"(anonymous_7)","decl":{"start":{"line":57,"column":21},"end":{"line":57,"column":22}},"loc":{"start":{"line":57,"column":39},"end":{"line":62,"column":3}},"line":57},"8":{"name":"(anonymous_8)","decl":{"start":{"line":64,"column":16},"end":{"line":64,"column":17}},"loc":{"start":{"line":64,"column":34},"end":{"line":69,"column":3}},"line":64},"9":{"name":"(anonymous_9)","decl":{"start":{"line":71,"column":21},"end":{"line":71,"column":22}},"loc":{"start":{"line":71,"column":40},"end":{"line":77,"column":3}},"line":71},"10":{"name":"(anonymous_10)","decl":{"start":{"line":79,"column":19},"end":{"line":79,"column":20}},"loc":{"start":{"line":79,"column":37},"end":{"line":84,"column":3}},"line":79}},"branchMap":{},"s":{"0":1,"1":1,"2":1,"3":1,"4":1,"5":1,"6":1,"7":1,"8":1,"9":1,"10":1,"11":1,"12":1,"13":1,"14":1,"15":1,"16":1,"17":1,"18":1,"19":1,"20":1,"21":1,"22":1,"23":1,"24":1,"25":1,"26":1,"27":1,"28":1,"29":1,"30":1},"f":{"0":1,"1":1,"2":1,"3":1,"4":1,"5":1,"6":1,"7":1,"8":1,"9":1,"10":1},"b":{},"_coverageSchema":"1a1c01bbd47fc00a2c39e90264f33305004495a9","hash":"5c2e059a11e30c5ec3b7a35882693c92f7a27b60"}
,"C:\\Users\\tntnc\\OneDrive\\바탕 화면\\sparta\\deli-titan\\src\\services\\carts.service.js": {"path":"C:\\Users\\tntnc\\OneDrive\\바탕 화면\\sparta\\deli-titan\\src\\services\\carts.service.js","statementMap":{"0":{"start":{"line":8,"column":4},"end":{"line":8,"column":41}},"1":{"start":{"line":11,"column":14},"end":{"line":39,"column":3}},"2":{"start":{"line":12,"column":24},"end":{"line":12,"column":69}},"3":{"start":{"line":13,"column":4},"end":{"line":16,"column":8}},"4":{"start":{"line":14,"column":6},"end":{"line":16,"column":8}},"5":{"start":{"line":19,"column":15},"end":{"line":19,"column":64}},"6":{"start":{"line":21,"column":4},"end":{"line":37,"column":5}},"7":{"start":{"line":23,"column":6},"end":{"line":23,"column":75}},"8":{"start":{"line":24,"column":11},"end":{"line":37,"column":5}},"9":{"start":{"line":26,"column":6},"end":{"line":31,"column":8}},"10":{"start":{"line":32,"column":11},"end":{"line":37,"column":5}},"11":{"start":{"line":33,"column":18},"end":{"line":33,"column":35}},"12":{"start":{"line":34,"column":6},"end":{"line":34,"column":64}},"13":{"start":{"line":36,"column":6},"end":{"line":36,"column":75}},"14":{"start":{"line":38,"column":4},"end":{"line":38,"column":16}},"15":{"start":{"line":41,"column":19},"end":{"line":56,"column":3}},"16":{"start":{"line":42,"column":4},"end":{"line":43,"column":50}},"17":{"start":{"line":43,"column":6},"end":{"line":43,"column":50}},"18":{"start":{"line":45,"column":24},"end":{"line":48,"column":5}},"19":{"start":{"line":50,"column":4},"end":{"line":50,"column":59}},"20":{"start":{"line":50,"column":22},"end":{"line":50,"column":59}},"21":{"start":{"line":52,"column":4},"end":{"line":52,"column":68}},"22":{"start":{"line":52,"column":40},"end":{"line":52,"column":68}},"23":{"start":{"line":54,"column":17},"end":{"line":54,"column":79}},"24":{"start":{"line":55,"column":4},"end":{"line":55,"column":16}},"25":{"start":{"line":59,"column":12},"end":{"line":78,"column":3}},"26":{"start":{"line":60,"column":18},"end":{"line":60,"column":68}},"27":{"start":{"line":61,"column":4},"end":{"line":61,"column":41}},"28":{"start":{"line":61,"column":28},"end":{"line":61,"column":41}},"29":{"start":{"line":62,"column":26},"end":{"line":64,"column":5}},"30":{"start":{"line":65,"column":4},"end":{"line":65,"column":32}},"31":{"start":{"line":67,"column":21},"end":{"line":67,"column":22}},"32":{"start":{"line":68,"column":4},"end":{"line":74,"column":5}},"33":{"start":{"line":68,"column":17},"end":{"line":68,"column":18}},"34":{"start":{"line":69,"column":19},"end":{"line":69,"column":73}},"35":{"start":{"line":70,"column":6},"end":{"line":70,"column":40}},"36":{"start":{"line":71,"column":6},"end":{"line":71,"column":42}},"37":{"start":{"line":72,"column":6},"end":{"line":72,"column":34}},"38":{"start":{"line":73,"column":6},"end":{"line":73,"column":51}},"39":{"start":{"line":76,"column":4},"end":{"line":76,"column":34}},"40":{"start":{"line":77,"column":4},"end":{"line":77,"column":17}},"41":{"start":{"line":80,"column":15},"end":{"line":89,"column":3}},"42":{"start":{"line":81,"column":24},"end":{"line":84,"column":5}},"43":{"start":{"line":85,"column":4},"end":{"line":85,"column":59}},"44":{"start":{"line":85,"column":22},"end":{"line":85,"column":59}},"45":{"start":{"line":87,"column":4},"end":{"line":87,"column":61}},"46":{"start":{"line":88,"column":4},"end":{"line":88,"column":11}}},"fnMap":{"0":{"name":"(anonymous_0)","decl":{"start":{"line":7,"column":2},"end":{"line":7,"column":3}},"loc":{"start":{"line":7,"column":30},"end":{"line":9,"column":3}},"line":7},"1":{"name":"(anonymous_1)","decl":{"start":{"line":11,"column":14},"end":{"line":11,"column":15}},"loc":{"start":{"line":11,"column":49},"end":{"line":39,"column":3}},"line":11},"2":{"name":"(anonymous_2)","decl":{"start":{"line":41,"column":19},"end":{"line":41,"column":20}},"loc":{"start":{"line":41,"column":64},"end":{"line":56,"column":3}},"line":41},"3":{"name":"(anonymous_3)","decl":{"start":{"line":59,"column":12},"end":{"line":59,"column":13}},"loc":{"start":{"line":59,"column":30},"end":{"line":78,"column":3}},"line":59},"4":{"name":"(anonymous_4)","decl":{"start":{"line":80,"column":15},"end":{"line":80,"column":16}},"loc":{"start":{"line":80,"column":41},"end":{"line":89,"column":3}},"line":80}},"branchMap":{"0":{"loc":{"start":{"line":13,"column":4},"end":{"line":16,"column":8}},"type":"if","locations":[{"start":{"line":13,"column":4},"end":{"line":16,"column":8}},{"start":{},"end":{}}],"line":13},"1":{"loc":{"start":{"line":21,"column":4},"end":{"line":37,"column":5}},"type":"if","locations":[{"start":{"line":21,"column":4},"end":{"line":37,"column":5}},{"start":{"line":24,"column":11},"end":{"line":37,"column":5}}],"line":21},"2":{"loc":{"start":{"line":24,"column":11},"end":{"line":37,"column":5}},"type":"if","locations":[{"start":{"line":24,"column":11},"end":{"line":37,"column":5}},{"start":{"line":32,"column":11},"end":{"line":37,"column":5}}],"line":24},"3":{"loc":{"start":{"line":32,"column":11},"end":{"line":37,"column":5}},"type":"if","locations":[{"start":{"line":32,"column":11},"end":{"line":37,"column":5}},{"start":{"line":35,"column":11},"end":{"line":37,"column":5}}],"line":32},"4":{"loc":{"start":{"line":42,"column":4},"end":{"line":43,"column":50}},"type":"if","locations":[{"start":{"line":42,"column":4},"end":{"line":43,"column":50}},{"start":{},"end":{}}],"line":42},"5":{"loc":{"start":{"line":42,"column":8},"end":{"line":42,"column":49}},"type":"binary-expr","locations":[{"start":{"line":42,"column":8},"end":{"line":42,"column":29}},{"start":{"line":42,"column":33},"end":{"line":42,"column":49}}],"line":42},"6":{"loc":{"start":{"line":50,"column":4},"end":{"line":50,"column":59}},"type":"if","locations":[{"start":{"line":50,"column":4},"end":{"line":50,"column":59}},{"start":{},"end":{}}],"line":50},"7":{"loc":{"start":{"line":52,"column":4},"end":{"line":52,"column":68}},"type":"if","locations":[{"start":{"line":52,"column":4},"end":{"line":52,"column":68}},{"start":{},"end":{}}],"line":52},"8":{"loc":{"start":{"line":61,"column":4},"end":{"line":61,"column":41}},"type":"if","locations":[{"start":{"line":61,"column":4},"end":{"line":61,"column":41}},{"start":{},"end":{}}],"line":61},"9":{"loc":{"start":{"line":85,"column":4},"end":{"line":85,"column":59}},"type":"if","locations":[{"start":{"line":85,"column":4},"end":{"line":85,"column":59}},{"start":{},"end":{}}],"line":85}},"s":{"0":1,"1":1,"2":5,"3":5,"4":1,"5":4,"6":4,"7":1,"8":3,"9":1,"10":2,"11":1,"12":1,"13":1,"14":4,"15":1,"16":4,"17":1,"18":3,"19":3,"20":1,"21":2,"22":1,"23":1,"24":1,"25":1,"26":2,"27":2,"28":1,"29":1,"30":1,"31":1,"32":1,"33":1,"34":2,"35":2,"36":2,"37":2,"38":2,"39":1,"40":1,"41":1,"42":2,"43":2,"44":1,"45":1,"46":1},"f":{"0":1,"1":5,"2":4,"3":2,"4":2},"b":{"0":[1,4],"1":[1,3],"2":[1,2],"3":[1,1],"4":[1,3],"5":[4,3],"6":[1,2],"7":[1,1],"8":[1,1],"9":[1,1]},"_coverageSchema":"1a1c01bbd47fc00a2c39e90264f33305004495a9","hash":"9753a7ed0837f74a140302680a05455fc85af4a8"}
}
