TN:
SF:src/controllers/carts.controller.js
FN:2,(anonymous_0)
FN:7,(anonymous_1)
FN:29,(anonymous_2)
FN:48,(anonymous_3)
FN:59,(anonymous_4)
FNF:5
FNH:5
FNDA:1,(anonymous_0)
FNDA:1,(anonymous_1)
FNDA:1,(anonymous_2)
FNDA:1,(anonymous_3)
FNDA:1,(anonymous_4)
DA:3,1
DA:7,1
DA:8,1
DA:9,1
DA:10,1
DA:12,1
DA:13,1
DA:15,0
DA:29,1
DA:30,1
DA:31,1
DA:32,1
DA:33,1
DA:35,1
DA:41,1
DA:43,0
DA:48,1
DA:49,1
DA:50,1
DA:51,1
DA:52,1
DA:54,0
DA:59,1
DA:60,1
DA:61,1
DA:62,1
DA:63,1
DA:64,1
DA:65,1
DA:67,0
LF:30
LH:26
BRF:0
BRH:0
end_of_record
TN:
SF:src/controllers/main.controller.js
FN:2,(anonymous_0)
FN:7,(anonymous_1)
FN:18,(anonymous_2)
FN:28,(anonymous_3)
FNF:4
FNH:4
FNDA:1,(anonymous_0)
FNDA:1,(anonymous_1)
FNDA:1,(anonymous_2)
FNDA:1,(anonymous_3)
DA:3,1
DA:7,1
DA:8,1
DA:9,1
DA:10,1
DA:11,1
DA:13,0
DA:18,1
DA:19,1
DA:20,1
DA:21,1
DA:23,0
DA:28,1
DA:29,1
DA:30,1
DA:31,1
DA:35,1
DA:37,0
LF:18
LH:15
BRF:0
BRH:0
end_of_record
TN:
SF:src/controllers/orders.controller.js
FN:2,(anonymous_0)
FN:7,(anonymous_1)
FN:19,(anonymous_2)
FN:38,(anonymous_3)
FN:50,(anonymous_4)
FNF:5
FNH:5
FNDA:1,(anonymous_0)
FNDA:1,(anonymous_1)
FNDA:2,(anonymous_2)
FNDA:1,(anonymous_3)
FNDA:1,(anonymous_4)
DA:3,1
DA:7,1
DA:8,1
DA:9,1
DA:10,1
DA:11,1
DA:12,1
DA:14,0
DA:19,1
DA:20,2
DA:21,2
DA:22,2
DA:24,1
DA:25,1
DA:26,1
DA:28,1
DA:29,1
DA:31,2
DA:33,0
DA:38,1
DA:39,1
DA:40,1
DA:41,1
DA:42,1
DA:43,1
DA:45,0
DA:50,1
DA:51,1
DA:52,1
DA:53,1
DA:54,1
DA:60,1
DA:62,0
LF:33
LH:29
BRDA:22,0,0,1
BRDA:22,0,1,1
BRDA:26,1,0,1
BRDA:26,1,1,0
BRF:4
BRH:3
end_of_record
TN:
SF:src/controllers/reviews.controller.js
FN:2,(anonymous_0)
FN:6,(anonymous_1)
FN:30,(anonymous_2)
FN:58,(anonymous_3)
FN:75,(anonymous_4)
FN:88,(anonymous_5)
FNF:6
FNH:5
FNDA:1,(anonymous_0)
FNDA:1,(anonymous_1)
FNDA:1,(anonymous_2)
FNDA:1,(anonymous_3)
FNDA:1,(anonymous_4)
FNDA:0,(anonymous_5)
DA:3,1
DA:6,1
DA:7,1
DA:8,1
DA:9,1
DA:10,1
DA:12,1
DA:13,0
DA:21,0
DA:25,1
DA:30,1
DA:31,1
DA:32,1
DA:33,1
DA:34,1
DA:36,1
DA:37,1
DA:38,0
DA:41,1
DA:49,1
DA:53,0
DA:58,1
DA:59,1
DA:60,1
DA:61,1
DA:62,1
DA:66,1
DA:70,0
DA:75,1
DA:76,1
DA:77,1
DA:79,1
DA:81,1
DA:83,0
DA:88,1
DA:89,0
DA:90,0
DA:93,0
DA:95,0
DA:97,0
LF:40
LH:29
BRDA:37,0,0,0
BRDA:37,0,1,1
BRF:2
BRH:1
end_of_record
TN:
SF:src/controllers/stores.controller.js
FN:4,(anonymous_0)
FN:9,(anonymous_1)
FN:19,(anonymous_2)
FN:30,(anonymous_3)
FN:71,(anonymous_4)
FN:90,(anonymous_5)
FN:110,(anonymous_6)
FN:149,(anonymous_7)
FNF:8
FNH:6
FNDA:1,(anonymous_0)
FNDA:1,(anonymous_1)
FNDA:1,(anonymous_2)
FNDA:7,(anonymous_3)
FNDA:0,(anonymous_4)
FNDA:0,(anonymous_5)
FNDA:1,(anonymous_6)
FNDA:1,(anonymous_7)
DA:5,1
DA:9,1
DA:10,1
DA:11,1
DA:12,1
DA:14,0
DA:19,1
DA:20,1
DA:21,1
DA:30,7
DA:31,1
DA:33,1
DA:34,0
DA:47,1
DA:49,1
DA:51,1
DA:53,1
DA:64,1
DA:66,0
DA:71,1
DA:72,0
DA:73,0
DA:74,0
DA:75,0
DA:78,0
DA:80,0
DA:82,0
DA:83,0
DA:85,0
DA:90,1
DA:91,0
DA:92,0
DA:94,0
DA:95,0
DA:98,0
DA:100,0
DA:102,0
DA:103,0
DA:105,0
DA:110,1
DA:111,1
DA:112,1
DA:113,1
DA:123,1
DA:125,1
DA:126,1
DA:127,1
DA:130,1
DA:143,1
DA:145,0
DA:149,1
DA:150,1
DA:151,1
DA:152,1
DA:154,1
DA:158,1
DA:160,0
LF:57
LH:34
BRDA:31,0,0,0
BRDA:31,0,1,1
BRDA:33,1,0,0
BRDA:33,1,1,1
BRDA:74,2,0,0
BRDA:74,2,1,0
BRDA:82,3,0,0
BRDA:82,3,1,0
BRDA:94,4,0,0
BRDA:94,4,1,0
BRDA:102,5,0,0
BRDA:102,5,1,0
BRDA:126,6,0,1
BRDA:126,6,1,0
BRF:14
BRH:3
end_of_record
TN:
SF:src/middlewares/error-handling.middleware.js
FN:1,errorHandler
FN:15,(anonymous_1)
FN:22,(anonymous_2)
FN:30,(anonymous_3)
FNF:4
FNH:3
FNDA:0,errorHandler
FNDA:4,(anonymous_1)
FNDA:14,(anonymous_2)
FNDA:18,(anonymous_3)
DA:2,0
DA:3,0
DA:4,0
DA:5,0
DA:6,0
DA:7,0
DA:9,0
DA:16,4
DA:17,4
DA:23,14
DA:24,14
DA:25,14
DA:31,18
DA:32,18
DA:33,18
LF:15
LH:8
BRDA:2,0,0,0
BRDA:2,0,1,0
BRDA:4,1,0,0
BRDA:4,1,1,0
BRDA:6,2,0,0
BRDA:6,2,1,0
BRDA:22,3,0,0
BRDA:30,4,0,0
BRF:8
BRH:0
end_of_record
TN:
SF:src/repositories/carts.repository.js
FN:2,(anonymous_0)
FN:6,(anonymous_1)
FN:18,(anonymous_2)
FN:19,(anonymous_3)
FN:39,(anonymous_4)
FN:47,(anonymous_5)
FN:54,(anonymous_6)
FN:61,(anonymous_7)
FN:68,(anonymous_8)
FN:76,(anonymous_9)
FNF:10
FNH:10
FNDA:1,(anonymous_0)
FNDA:1,(anonymous_1)
FNDA:1,(anonymous_2)
FNDA:1,(anonymous_3)
FNDA:1,(anonymous_4)
FNDA:1,(anonymous_5)
FNDA:1,(anonymous_6)
FNDA:1,(anonymous_7)
FNDA:1,(anonymous_8)
FNDA:1,(anonymous_9)
DA:3,1
DA:6,1
DA:7,1
DA:15,1
DA:18,1
DA:19,1
DA:20,1
DA:27,1
DA:34,1
DA:36,1
DA:39,1
DA:40,1
DA:44,1
DA:47,1
DA:48,1
DA:51,1
DA:54,1
DA:55,1
DA:58,1
DA:61,1
DA:62,1
DA:65,1
DA:68,1
DA:69,1
DA:73,1
DA:76,1
DA:77,1
DA:80,1
LF:28
LH:28
BRF:0
BRH:0
end_of_record
TN:
SF:src/repositories/main.repository.js
FN:2,(anonymous_0)
FN:6,(anonymous_1)
FN:21,(anonymous_2)
FN:34,(anonymous_3)
FN:50,(anonymous_4)
FNF:5
FNH:5
FNDA:1,(anonymous_0)
FNDA:1,(anonymous_1)
FNDA:1,(anonymous_2)
FNDA:1,(anonymous_3)
FNDA:1,(anonymous_4)
DA:3,1
DA:6,1
DA:7,1
DA:18,1
DA:21,1
DA:22,1
DA:31,1
DA:34,1
DA:35,1
DA:47,1
DA:50,1
DA:51,1
DA:63,1
LF:13
LH:13
BRF:0
BRH:0
end_of_record
TN:
SF:src/repositories/orders.repository.js
FN:2,(anonymous_0)
FN:6,(anonymous_1)
FN:14,(anonymous_2)
FN:15,(anonymous_3)
FN:66,(anonymous_4)
FN:74,(anonymous_5)
FN:82,(anonymous_6)
FN:90,(anonymous_7)
FN:132,(anonymous_8)
FN:174,(anonymous_9)
FN:180,(anonymous_10)
FN:188,(anonymous_11)
FN:189,(anonymous_12)
FNF:13
FNH:11
FNDA:1,(anonymous_0)
FNDA:2,(anonymous_1)
FNDA:2,(anonymous_2)
FNDA:0,(anonymous_3)
FNDA:1,(anonymous_4)
FNDA:1,(anonymous_5)
FNDA:1,(anonymous_6)
FNDA:1,(anonymous_7)
FNDA:1,(anonymous_8)
FNDA:1,(anonymous_9)
FNDA:1,(anonymous_10)
FNDA:1,(anonymous_11)
FNDA:0,(anonymous_12)
DA:3,1
DA:6,1
DA:7,2
DA:11,2
DA:14,1
DA:15,2
DA:17,0
DA:26,0
DA:34,0
DA:43,0
DA:52,0
DA:61,0
DA:63,1
DA:66,1
DA:67,1
DA:71,1
DA:74,1
DA:75,1
DA:79,1
DA:82,1
DA:83,1
DA:87,1
DA:90,1
DA:92,1
DA:104,1
DA:106,1
DA:117,1
DA:118,1
DA:119,1
DA:123,1
DA:124,1
DA:126,1
DA:129,1
DA:132,1
DA:134,1
DA:146,1
DA:148,1
DA:159,1
DA:160,1
DA:161,1
DA:165,1
DA:166,1
DA:168,1
DA:171,1
DA:174,1
DA:175,1
DA:178,1
DA:180,1
DA:181,1
DA:185,1
DA:188,1
DA:189,1
DA:191,0
DA:200,0
DA:209,0
DA:218,0
DA:227,0
DA:229,1
LF:58
LH:47
BRF:0
BRH:0
end_of_record
TN:
SF:src/repositories/stores.repository.js
FN:5,(anonymous_0)
FN:9,(anonymous_1)
FN:41,(anonymous_2)
FN:69,(anonymous_3)
FN:99,(anonymous_4)
FN:129,(anonymous_5)
FN:158,(anonymous_6)
FNF:7
FNH:5
FNDA:1,(anonymous_0)
FNDA:2,(anonymous_1)
FNDA:1,(anonymous_2)
FNDA:0,(anonymous_3)
FNDA:0,(anonymous_4)
FNDA:1,(anonymous_5)
FNDA:1,(anonymous_6)
DA:6,1
DA:9,1
DA:10,2
DA:37,2
DA:38,2
DA:41,1
DA:52,1
DA:66,1
DA:69,1
DA:70,0
DA:94,0
DA:96,0
DA:99,1
DA:100,0
DA:124,0
DA:126,0
DA:129,1
DA:140,1
DA:155,1
DA:158,1
DA:159,1
DA:162,1
LF:22
LH:16
BRDA:145,0,0,1
BRDA:145,0,1,1
BRDA:146,1,0,1
BRDA:146,1,1,1
BRDA:149,2,0,1
BRDA:149,2,1,1
BRF:6
BRH:6
end_of_record
TN:
SF:src/services/carts.service.js
FN:7,(anonymous_0)
FN:11,(anonymous_1)
FN:33,(anonymous_2)
FN:55,(anonymous_3)
FN:75,(anonymous_4)
FN:94,(anonymous_5)
FNF:6
FNH:6
FNDA:1,(anonymous_0)
FNDA:5,(anonymous_1)
FNDA:1,(anonymous_2)
FNDA:4,(anonymous_3)
FNDA:2,(anonymous_4)
FNDA:2,(anonymous_5)
DA:8,1
DA:11,1
DA:12,5
DA:14,5
DA:15,1
DA:20,4
DA:21,4
DA:22,4
DA:25,1
DA:26,3
DA:29,1
DA:33,1
DA:37,2
DA:38,2
DA:40,1
DA:44,1
DA:48,2
DA:49,1
DA:52,4
DA:55,1
DA:56,4
DA:57,1
DA:59,3
DA:64,3
DA:65,1
DA:67,2
DA:68,1
DA:70,1
DA:71,1
DA:75,1
DA:76,2
DA:77,2
DA:79,1
DA:81,1
DA:82,1
DA:83,2
DA:84,2
DA:85,2
DA:86,2
DA:87,2
DA:89,1
DA:91,1
DA:94,1
DA:95,2
DA:99,2
DA:100,1
DA:102,1
DA:103,1
LF:48
LH:48
BRDA:14,0,0,1
BRDA:14,0,1,4
BRDA:14,1,0,5
BRDA:14,1,1,5
BRDA:22,2,0,1
BRDA:22,2,1,3
BRDA:26,3,0,1
BRDA:26,3,1,2
BRDA:38,4,0,1
BRDA:38,4,1,1
BRDA:48,5,0,1
BRDA:48,5,1,1
BRDA:56,6,0,1
BRDA:56,6,1,3
BRDA:56,7,0,4
BRDA:56,7,1,3
BRDA:64,8,0,1
BRDA:64,8,1,2
BRDA:67,9,0,1
BRDA:67,9,1,1
BRDA:77,10,0,1
BRDA:77,10,1,1
BRDA:99,11,0,1
BRDA:99,11,1,1
BRF:24
BRH:24
end_of_record
TN:
SF:src/services/main.service.js
FN:7,(anonymous_0)
FN:11,(anonymous_1)
FN:28,(anonymous_2)
FN:33,(anonymous_3)
FNF:4
FNH:4
FNDA:1,(anonymous_0)
FNDA:3,(anonymous_1)
FNDA:1,(anonymous_2)
FNDA:4,(anonymous_3)
DA:8,1
DA:11,1
DA:12,3
DA:13,1
DA:15,2
DA:16,2
DA:17,1
DA:19,1
DA:20,2
DA:23,2
DA:25,1
DA:28,1
DA:29,1
DA:30,1
DA:33,1
DA:34,4
DA:40,1
DA:42,3
DA:49,3
DA:50,1
DA:53,2
DA:54,2
DA:55,1
DA:57,1
DA:61,1
LF:25
LH:25
BRDA:12,0,0,1
BRDA:12,0,1,2
BRDA:16,1,0,1
BRDA:16,1,1,1
BRDA:34,2,0,1
BRDA:34,2,1,3
BRDA:35,3,0,4
BRDA:35,3,1,3
BRDA:35,3,2,3
BRDA:35,3,3,3
BRDA:49,4,0,1
BRDA:49,4,1,2
BRDA:54,5,0,1
BRDA:54,5,1,1
BRF:14
BRH:14
end_of_record
TN:
SF:src/services/orders.service.js
FN:8,(anonymous_0)
FN:13,(anonymous_1)
FN:51,(anonymous_2)
FN:58,(anonymous_3)
FN:63,(anonymous_4)
FN:90,(anonymous_5)
FNF:6
FNH:6
FNDA:1,(anonymous_0)
FNDA:4,(anonymous_1)
FNDA:2,(anonymous_2)
FNDA:1,(anonymous_3)
FNDA:3,(anonymous_4)
FNDA:3,(anonymous_5)
DA:9,1
DA:10,1
DA:13,1
DA:15,4
DA:16,4
DA:18,3
DA:19,3
DA:20,6
DA:21,6
DA:24,3
DA:28,3
DA:31,3
DA:32,3
DA:34,2
DA:37,2
DA:38,1
DA:39,1
DA:43,1
DA:48,1
DA:51,1
DA:52,2
DA:53,2
DA:54,1
DA:55,1
DA:58,1
DA:59,1
DA:60,1
DA:63,1
DA:65,3
DA:66,3
DA:68,2
DA:75,2
DA:80,1
DA:82,1
DA:87,1
DA:90,1
DA:91,3
DA:92,3
DA:95,3
DA:97,3
DA:98,3
DA:101,2
DA:102,1
DA:103,1
DA:106,1
DA:112,1
LF:46
LH:46
BRDA:16,0,0,1
BRDA:16,0,1,3
BRDA:32,1,0,1
BRDA:32,1,1,2
BRDA:37,2,0,1
BRDA:37,2,1,1
BRDA:37,3,0,2
BRDA:37,3,1,1
BRDA:39,4,0,1
BRDA:39,4,1,0
BRDA:53,5,0,1
BRDA:53,5,1,1
BRDA:66,6,0,1
BRDA:66,6,1,2
BRDA:75,7,0,1
BRDA:75,7,1,1
BRDA:76,8,0,2
BRDA:76,8,1,2
BRDA:76,8,2,2
BRDA:90,9,0,1
BRDA:98,10,0,1
BRDA:98,10,1,2
BRDA:101,11,0,1
BRDA:101,11,1,1
BRDA:101,12,0,2
BRDA:101,12,1,1
BRDA:103,13,0,1
BRDA:103,13,1,0
BRF:28
BRH:26
end_of_record
TN:
SF:src/utils/prisma/index.js
FNF:0
FNH:0
DA:3,1
LF:1
LH:1
BRF:0
BRH:0
end_of_record
