TN:
SF:src\repositories\carts.repository.js
FN:2,(anonymous_0)
FN:6,(anonymous_1)
FN:13,(anonymous_2)
FN:14,(anonymous_3)
FN:30,(anonymous_4)
FN:38,(anonymous_5)
FN:45,(anonymous_6)
FN:52,(anonymous_7)
FN:60,(anonymous_8)
FNF:9
FNH:3
FNDA:1,(anonymous_0)
FNDA:1,(anonymous_1)
FNDA:1,(anonymous_2)
FNDA:0,(anonymous_3)
FNDA:0,(anonymous_4)
FNDA:0,(anonymous_5)
FNDA:0,(anonymous_6)
FNDA:0,(anonymous_7)
FNDA:0,(anonymous_8)
DA:3,1
DA:6,1
DA:7,1
DA:10,1
DA:13,1
DA:14,1
DA:15,0
DA:18,0
DA:25,0
DA:27,1
DA:30,1
DA:31,0
DA:35,0
DA:38,1
DA:39,0
DA:42,0
DA:45,1
DA:46,0
DA:49,0
DA:52,1
DA:53,0
DA:57,0
DA:60,1
DA:61,0
DA:64,0
LF:25
LH:12
BRF:0
BRH:0
end_of_record
